<?xml version="1.0" encoding="UTF-8"?>
<!-- Generated by org.testng.reporters.JUnitXMLReporter -->
<testsuite hostname="RLE0210" name="Default test" tests="2" failures="0" timestamp="3 Apr 2018 07:47:01 GMT" time="4.929" errors="0">
  <testcase name="login_to_application" time="2.818" classname="com.cc.api.automation.steps.AddNewBusinessService"/>
  <testcase name="addNewBusinessService" time="1.322" classname="com.cc.api.automation.steps.AddNewBusinessService"/>
</testsuite> <!-- Default test -->
