<?xml version="1.0" encoding="UTF-8"?>
<!-- Generated by org.testng.reporters.JUnitXMLReporter -->
<testsuite hostname="RLE0210" name="Add New Business Service" tests="2" failures="0" timestamp="21 Mar 2018 10:36:36 GMT" time="3.134" errors="0">
  <testcase name="login_to_application" time="0.397" classname="com.cc.api.automation.steps.LoginCommandCenter"/>
  <testcase name="add_new_business_service" time="1.908" classname="com.cc.api.automation.steps.AddNewBusinessService"/>
</testsuite> <!-- Add New Business Service -->
