<?xml version="1.0" encoding="UTF-8"?>
<testsuite name="TestSuite" time="0.871" tests="46" errors="0" skipped="0" failures="45">
  <properties>
[...]
</properties>
  <testcase name="loginAsPM" classname="com.dw.api.automation.TestScripts.LoginTest" time="0.076">
    <failure type="java.lang.NullPointerException:">java.lang.NullPointerException: null
	at com.dw.api.automation.libs.FilloExcelUtility.readExcelWithTestName(FilloExcelUtility.java:109)
	at com.dw.api.automation.TestScripts.LoginTest.loginAsPM(LoginTest.java:46)
</failure>
    <system-out><![CDATA[C:\Users\rle0210\Downloads\GenesisUIAutomation-mainBranch/test-output/Reports/Automation-Report .html
extent object value=com.relevantcodes.extentreports.ExtentReports@780cb77
exceldbloc Location=/var/lib/jenkins/jobs/Genesis_API_Automation/workspace/src/test/resources/files/ConfigSheet.xlsx
exceldbloc=/var/lib/jenkins/jobs/Genesis_API_Automation/workspace/src/test/resources/files/ConfigSheet.xlsx
Page Name=login
]]></system-out>
    <system-err><![CDATA[Mar 12, 2018 2:20:42 PM com.relevantcodes.extentreports.ExtentReports loadConfig
WARNING: Unable to perform report configuration. The file C:\var\lib\jenkins\jobs\Genesis_API_Automation\workspace\extent-config.xml was not found.
com.codoid.products.exception.FilloException: Workbook is not found - /var/lib/jenkins/jobs/Genesis_API_Automation/workspace/src/test/resources/files/ConfigSheet.xlsx
	at com.codoid.products.fillo.Fillo.getConnection(Fillo.java:45)
	at com.dw.api.automation.libs.FilloExcelUtility.readExcelWithTestName(FilloExcelUtility.java:98)
	at com.dw.api.automation.TestScripts.LoginTest.loginAsPM(LoginTest.java:46)
	at sun.reflect.NativeMethodAccessorImpl.invoke0(Native Method)
	at sun.reflect.NativeMethodAccessorImpl.invoke(Unknown Source)
	at sun.reflect.DelegatingMethodAccessorImpl.invoke(Unknown Source)
	at java.lang.reflect.Method.invoke(Unknown Source)
	at org.testng.internal.MethodInvocationHelper.invokeMethod(MethodInvocationHelper.java:85)
	at org.testng.internal.Invoker.invokeMethod(Invoker.java:639)
	at org.testng.internal.Invoker.invokeTestMethod(Invoker.java:816)
	at org.testng.internal.Invoker.invokeTestMethods(Invoker.java:1124)
	at org.testng.internal.TestMethodWorker.invokeTestMethods(TestMethodWorker.java:125)
	at org.testng.internal.TestMethodWorker.run(TestMethodWorker.java:108)
	at org.testng.TestRunner.privateRun(TestRunner.java:774)
	at org.testng.TestRunner.run(TestRunner.java:624)
	at org.testng.SuiteRunner.runTest(SuiteRunner.java:359)
	at org.testng.SuiteRunner.runSequentially(SuiteRunner.java:354)
	at org.testng.SuiteRunner.privateRun(SuiteRunner.java:312)
	at org.testng.SuiteRunner.run(SuiteRunner.java:261)
	at org.testng.SuiteRunnerWorker.runSuite(SuiteRunnerWorker.java:52)
	at org.testng.SuiteRunnerWorker.run(SuiteRunnerWorker.java:86)
	at org.testng.TestNG.runSuitesSequentially(TestNG.java:1215)
	at org.testng.TestNG.runSuitesLocally(TestNG.java:1140)
	at org.testng.TestNG.run(TestNG.java:1048)
	at org.apache.maven.surefire.testng.TestNGExecutor.run(TestNGExecutor.java:217)
	at org.apache.maven.surefire.testng.TestNGXmlTestSuite.execute(TestNGXmlTestSuite.java:84)
	at org.apache.maven.surefire.testng.TestNGProvider.invoke(TestNGProvider.java:92)
	at org.apache.maven.surefire.booter.ForkedBooter.invokeProviderInSameClassLoader(ForkedBooter.java:200)
	at org.apache.maven.surefire.booter.ForkedBooter.runSuitesInProcess(ForkedBooter.java:153)
	at org.apache.maven.surefire.booter.ForkedBooter.main(ForkedBooter.java:103)
]]></system-err>
  </testcase>
  <testcase name="loginAsBAM" classname="com.dw.api.automation.TestScripts.LoginTest" time="0.034">
    <failure type="java.lang.NullPointerException:">java.lang.NullPointerException: null
	at com.dw.api.automation.libs.FilloExcelUtility.readExcelWithTestName(FilloExcelUtility.java:109)
	at com.dw.api.automation.TestScripts.LoginTest.loginAsBAM(LoginTest.java:65)
</failure>
    <system-out><![CDATA[java.lang.NullPointerException
	at com.dw.api.automation.libs.FilloExcelUtility.readExcelWithTestName(FilloExcelUtility.java:109)
	at com.dw.api.automation.TestScripts.LoginTest.loginAsPM(LoginTest.java:46)
	at sun.reflect.NativeMethodAccessorImpl.invoke0(Native Method)
	at sun.reflect.NativeMethodAccessorImpl.invoke(Unknown Source)
	at sun.reflect.DelegatingMethodAccessorImpl.invoke(Unknown Source)
	at java.lang.reflect.Method.invoke(Unknown Source)
	at org.testng.internal.MethodInvocationHelper.invokeMethod(MethodInvocationHelper.java:85)
	at org.testng.internal.Invoker.invokeMethod(Invoker.java:639)
	at org.testng.internal.Invoker.invokeTestMethod(Invoker.java:816)
	at org.testng.internal.Invoker.invokeTestMethods(Invoker.java:1124)
	at org.testng.internal.TestMethodWorker.invokeTestMethods(TestMethodWorker.java:125)
	at org.testng.internal.TestMethodWorker.run(TestMethodWorker.java:108)
	at org.testng.TestRunner.privateRun(TestRunner.java:774)
	at org.testng.TestRunner.run(TestRunner.java:624)
	at org.testng.SuiteRunner.runTest(SuiteRunner.java:359)
	at org.testng.SuiteRunner.runSequentially(SuiteRunner.java:354)
	at org.testng.SuiteRunner.privateRun(SuiteRunner.java:312)
	at org.testng.SuiteRunner.run(SuiteRunner.java:261)
	at org.testng.SuiteRunnerWorker.runSuite(SuiteRunnerWorker.java:52)
	at org.testng.SuiteRunnerWorker.run(SuiteRunnerWorker.java:86)
	at org.testng.TestNG.runSuitesSequentially(TestNG.java:1215)
	at org.testng.TestNG.runSuitesLocally(TestNG.java:1140)
	at org.testng.TestNG.run(TestNG.java:1048)
	at org.apache.maven.surefire.testng.TestNGExecutor.run(TestNGExecutor.java:217)
	at org.apache.maven.surefire.testng.TestNGXmlTestSuite.execute(TestNGXmlTestSuite.java:84)
	at org.apache.maven.surefire.testng.TestNGProvider.invoke(TestNGProvider.java:92)
	at org.apache.maven.surefire.booter.ForkedBooter.invokeProviderInSameClassLoader(ForkedBooter.java:200)
	at org.apache.maven.surefire.booter.ForkedBooter.runSuitesInProcess(ForkedBooter.java:153)
	at org.apache.maven.surefire.booter.ForkedBooter.main(ForkedBooter.java:103)

exceldbloc Location=/var/lib/jenkins/jobs/Genesis_API_Automation/workspace/src/test/resources/files/ConfigSheet.xlsx
exceldbloc=/var/lib/jenkins/jobs/Genesis_API_Automation/workspace/src/test/resources/files/ConfigSheet.xlsx
Page Name=login
]]></system-out>
    <system-err><![CDATA[com.codoid.products.exception.FilloException: Workbook is not found - /var/lib/jenkins/jobs/Genesis_API_Automation/workspace/src/test/resources/files/ConfigSheet.xlsx
	at com.codoid.products.fillo.Fillo.getConnection(Fillo.java:45)
	at com.dw.api.automation.libs.FilloExcelUtility.readExcelWithTestName(FilloExcelUtility.java:98)
	at com.dw.api.automation.TestScripts.LoginTest.loginAsBAM(LoginTest.java:65)
	at sun.reflect.NativeMethodAccessorImpl.invoke0(Native Method)
	at sun.reflect.NativeMethodAccessorImpl.invoke(Unknown Source)
	at sun.reflect.DelegatingMethodAccessorImpl.invoke(Unknown Source)
	at java.lang.reflect.Method.invoke(Unknown Source)
	at org.testng.internal.MethodInvocationHelper.invokeMethod(MethodInvocationHelper.java:85)
	at org.testng.internal.Invoker.invokeMethod(Invoker.java:639)
	at org.testng.internal.Invoker.invokeTestMethod(Invoker.java:816)
	at org.testng.internal.Invoker.invokeTestMethods(Invoker.java:1124)
	at org.testng.internal.TestMethodWorker.invokeTestMethods(TestMethodWorker.java:125)
	at org.testng.internal.TestMethodWorker.run(TestMethodWorker.java:108)
	at org.testng.TestRunner.privateRun(TestRunner.java:774)
	at org.testng.TestRunner.run(TestRunner.java:624)
	at org.testng.SuiteRunner.runTest(SuiteRunner.java:359)
	at org.testng.SuiteRunner.runSequentially(SuiteRunner.java:354)
	at org.testng.SuiteRunner.privateRun(SuiteRunner.java:312)
	at org.testng.SuiteRunner.run(SuiteRunner.java:261)
	at org.testng.SuiteRunnerWorker.runSuite(SuiteRunnerWorker.java:52)
	at org.testng.SuiteRunnerWorker.run(SuiteRunnerWorker.java:86)
	at org.testng.TestNG.runSuitesSequentially(TestNG.java:1215)
	at org.testng.TestNG.runSuitesLocally(TestNG.java:1140)
	at org.testng.TestNG.run(TestNG.java:1048)
	at org.apache.maven.surefire.testng.TestNGExecutor.run(TestNGExecutor.java:217)
	at org.apache.maven.surefire.testng.TestNGXmlTestSuite.execute(TestNGXmlTestSuite.java:84)
	at org.apache.maven.surefire.testng.TestNGProvider.invoke(TestNGProvider.java:92)
	at org.apache.maven.surefire.booter.ForkedBooter.invokeProviderInSameClassLoader(ForkedBooter.java:200)
	at org.apache.maven.surefire.booter.ForkedBooter.runSuitesInProcess(ForkedBooter.java:153)
	at org.apache.maven.surefire.booter.ForkedBooter.main(ForkedBooter.java:103)
]]></system-err>
  </testcase>
  <testcase name="loginAsCA" classname="com.dw.api.automation.TestScripts.LoginTest" time="0.026">
    <failure type="java.lang.NullPointerException:">java.lang.NullPointerException: null
	at com.dw.api.automation.libs.FilloExcelUtility.readExcelWithTestName(FilloExcelUtility.java:109)
	at com.dw.api.automation.TestScripts.LoginTest.loginAsCA(LoginTest.java:82)
</failure>
    <system-out><![CDATA[java.lang.NullPointerException
	at com.dw.api.automation.libs.FilloExcelUtility.readExcelWithTestName(FilloExcelUtility.java:109)
	at com.dw.api.automation.TestScripts.LoginTest.loginAsBAM(LoginTest.java:65)
	at sun.reflect.NativeMethodAccessorImpl.invoke0(Native Method)
	at sun.reflect.NativeMethodAccessorImpl.invoke(Unknown Source)
	at sun.reflect.DelegatingMethodAccessorImpl.invoke(Unknown Source)
	at java.lang.reflect.Method.invoke(Unknown Source)
	at org.testng.internal.MethodInvocationHelper.invokeMethod(MethodInvocationHelper.java:85)
	at org.testng.internal.Invoker.invokeMethod(Invoker.java:639)
	at org.testng.internal.Invoker.invokeTestMethod(Invoker.java:816)
	at org.testng.internal.Invoker.invokeTestMethods(Invoker.java:1124)
	at org.testng.internal.TestMethodWorker.invokeTestMethods(TestMethodWorker.java:125)
	at org.testng.internal.TestMethodWorker.run(TestMethodWorker.java:108)
	at org.testng.TestRunner.privateRun(TestRunner.java:774)
	at org.testng.TestRunner.run(TestRunner.java:624)
	at org.testng.SuiteRunner.runTest(SuiteRunner.java:359)
	at org.testng.SuiteRunner.runSequentially(SuiteRunner.java:354)
	at org.testng.SuiteRunner.privateRun(SuiteRunner.java:312)
	at org.testng.SuiteRunner.run(SuiteRunner.java:261)
	at org.testng.SuiteRunnerWorker.runSuite(SuiteRunnerWorker.java:52)
	at org.testng.SuiteRunnerWorker.run(SuiteRunnerWorker.java:86)
	at org.testng.TestNG.runSuitesSequentially(TestNG.java:1215)
	at org.testng.TestNG.runSuitesLocally(TestNG.java:1140)
	at org.testng.TestNG.run(TestNG.java:1048)
	at org.apache.maven.surefire.testng.TestNGExecutor.run(TestNGExecutor.java:217)
	at org.apache.maven.surefire.testng.TestNGXmlTestSuite.execute(TestNGXmlTestSuite.java:84)
	at org.apache.maven.surefire.testng.TestNGProvider.invoke(TestNGProvider.java:92)
	at org.apache.maven.surefire.booter.ForkedBooter.invokeProviderInSameClassLoader(ForkedBooter.java:200)
	at org.apache.maven.surefire.booter.ForkedBooter.runSuitesInProcess(ForkedBooter.java:153)
	at org.apache.maven.surefire.booter.ForkedBooter.main(ForkedBooter.java:103)

exceldbloc Location=/var/lib/jenkins/jobs/Genesis_API_Automation/workspace/src/test/resources/files/ConfigSheet.xlsx
exceldbloc=/var/lib/jenkins/jobs/Genesis_API_Automation/workspace/src/test/resources/files/ConfigSheet.xlsx
Page Name=login
]]></system-out>
    <system-err><![CDATA[com.codoid.products.exception.FilloException: Workbook is not found - /var/lib/jenkins/jobs/Genesis_API_Automation/workspace/src/test/resources/files/ConfigSheet.xlsx
	at com.codoid.products.fillo.Fillo.getConnection(Fillo.java:45)
	at com.dw.api.automation.libs.FilloExcelUtility.readExcelWithTestName(FilloExcelUtility.java:98)
	at com.dw.api.automation.TestScripts.LoginTest.loginAsCA(LoginTest.java:82)
	at sun.reflect.NativeMethodAccessorImpl.invoke0(Native Method)
	at sun.reflect.NativeMethodAccessorImpl.invoke(Unknown Source)
	at sun.reflect.DelegatingMethodAccessorImpl.invoke(Unknown Source)
	at java.lang.reflect.Method.invoke(Unknown Source)
	at org.testng.internal.MethodInvocationHelper.invokeMethod(MethodInvocationHelper.java:85)
	at org.testng.internal.Invoker.invokeMethod(Invoker.java:639)
	at org.testng.internal.Invoker.invokeTestMethod(Invoker.java:816)
	at org.testng.internal.Invoker.invokeTestMethods(Invoker.java:1124)
	at org.testng.internal.TestMethodWorker.invokeTestMethods(TestMethodWorker.java:125)
	at org.testng.internal.TestMethodWorker.run(TestMethodWorker.java:108)
	at org.testng.TestRunner.privateRun(TestRunner.java:774)
	at org.testng.TestRunner.run(TestRunner.java:624)
	at org.testng.SuiteRunner.runTest(SuiteRunner.java:359)
	at org.testng.SuiteRunner.runSequentially(SuiteRunner.java:354)
	at org.testng.SuiteRunner.privateRun(SuiteRunner.java:312)
	at org.testng.SuiteRunner.run(SuiteRunner.java:261)
	at org.testng.SuiteRunnerWorker.runSuite(SuiteRunnerWorker.java:52)
	at org.testng.SuiteRunnerWorker.run(SuiteRunnerWorker.java:86)
	at org.testng.TestNG.runSuitesSequentially(TestNG.java:1215)
	at org.testng.TestNG.runSuitesLocally(TestNG.java:1140)
	at org.testng.TestNG.run(TestNG.java:1048)
	at org.apache.maven.surefire.testng.TestNGExecutor.run(TestNGExecutor.java:217)
	at org.apache.maven.surefire.testng.TestNGXmlTestSuite.execute(TestNGXmlTestSuite.java:84)
	at org.apache.maven.surefire.testng.TestNGProvider.invoke(TestNGProvider.java:92)
	at org.apache.maven.surefire.booter.ForkedBooter.invokeProviderInSameClassLoader(ForkedBooter.java:200)
	at org.apache.maven.surefire.booter.ForkedBooter.runSuitesInProcess(ForkedBooter.java:153)
	at org.apache.maven.surefire.booter.ForkedBooter.main(ForkedBooter.java:103)
]]></system-err>
  </testcase>
  <testcase name="loginAsPm" classname="com.dw.api.automation.TestScripts.AddNewPartnerOrgTest" time="0.007">
    <failure type="java.lang.NullPointerException:">java.lang.NullPointerException: null
	at com.dw.api.automation.libs.FilloExcelUtility.readExcelWithTestName(FilloExcelUtility.java:109)
	at com.dw.api.automation.TestScripts.AddNewPartnerOrgTest.loginAsPm(AddNewPartnerOrgTest.java:58)
</failure>
    <system-out><![CDATA[java.lang.NullPointerException
	at com.dw.api.automation.libs.FilloExcelUtility.readExcelWithTestName(FilloExcelUtility.java:109)
	at com.dw.api.automation.TestScripts.LoginTest.loginAsCA(LoginTest.java:82)
	at sun.reflect.NativeMethodAccessorImpl.invoke0(Native Method)
	at sun.reflect.NativeMethodAccessorImpl.invoke(Unknown Source)
	at sun.reflect.DelegatingMethodAccessorImpl.invoke(Unknown Source)
	at java.lang.reflect.Method.invoke(Unknown Source)
	at org.testng.internal.MethodInvocationHelper.invokeMethod(MethodInvocationHelper.java:85)
	at org.testng.internal.Invoker.invokeMethod(Invoker.java:639)
	at org.testng.internal.Invoker.invokeTestMethod(Invoker.java:816)
	at org.testng.internal.Invoker.invokeTestMethods(Invoker.java:1124)
	at org.testng.internal.TestMethodWorker.invokeTestMethods(TestMethodWorker.java:125)
	at org.testng.internal.TestMethodWorker.run(TestMethodWorker.java:108)
	at org.testng.TestRunner.privateRun(TestRunner.java:774)
	at org.testng.TestRunner.run(TestRunner.java:624)
	at org.testng.SuiteRunner.runTest(SuiteRunner.java:359)
	at org.testng.SuiteRunner.runSequentially(SuiteRunner.java:354)
	at org.testng.SuiteRunner.privateRun(SuiteRunner.java:312)
	at org.testng.SuiteRunner.run(SuiteRunner.java:261)
	at org.testng.SuiteRunnerWorker.runSuite(SuiteRunnerWorker.java:52)
	at org.testng.SuiteRunnerWorker.run(SuiteRunnerWorker.java:86)
	at org.testng.TestNG.runSuitesSequentially(TestNG.java:1215)
	at org.testng.TestNG.runSuitesLocally(TestNG.java:1140)
	at org.testng.TestNG.run(TestNG.java:1048)
	at org.apache.maven.surefire.testng.TestNGExecutor.run(TestNGExecutor.java:217)
	at org.apache.maven.surefire.testng.TestNGXmlTestSuite.execute(TestNGXmlTestSuite.java:84)
	at org.apache.maven.surefire.testng.TestNGProvider.invoke(TestNGProvider.java:92)
	at org.apache.maven.surefire.booter.ForkedBooter.invokeProviderInSameClassLoader(ForkedBooter.java:200)
	at org.apache.maven.surefire.booter.ForkedBooter.runSuitesInProcess(ForkedBooter.java:153)
	at org.apache.maven.surefire.booter.ForkedBooter.main(ForkedBooter.java:103)

extent object value=com.relevantcodes.extentreports.ExtentReports@780cb77
exceldbloc Location=/var/lib/jenkins/jobs/Genesis_API_Automation/workspace/src/test/resources/files/ConfigSheet.xlsx
exceldbloc=/var/lib/jenkins/jobs/Genesis_API_Automation/workspace/src/test/resources/files/ConfigSheet.xlsx
Page Name=login
]]></system-out>
    <system-err><![CDATA[log4j:WARN No appenders could be found for logger (freemarker.cache).
log4j:WARN Please initialize the log4j system properly.
log4j:WARN See http://logging.apache.org/log4j/1.2/faq.html#noconfig for more info.
com.codoid.products.exception.FilloException: Workbook is not found - /var/lib/jenkins/jobs/Genesis_API_Automation/workspace/src/test/resources/files/ConfigSheet.xlsx
	at com.codoid.products.fillo.Fillo.getConnection(Fillo.java:45)
	at com.dw.api.automation.libs.FilloExcelUtility.readExcelWithTestName(FilloExcelUtility.java:98)
	at com.dw.api.automation.TestScripts.AddNewPartnerOrgTest.loginAsPm(AddNewPartnerOrgTest.java:58)
	at sun.reflect.NativeMethodAccessorImpl.invoke0(Native Method)
	at sun.reflect.NativeMethodAccessorImpl.invoke(Unknown Source)
	at sun.reflect.DelegatingMethodAccessorImpl.invoke(Unknown Source)
	at java.lang.reflect.Method.invoke(Unknown Source)
	at org.testng.internal.MethodInvocationHelper.invokeMethod(MethodInvocationHelper.java:85)
	at org.testng.internal.Invoker.invokeMethod(Invoker.java:639)
	at org.testng.internal.Invoker.invokeTestMethod(Invoker.java:816)
	at org.testng.internal.Invoker.invokeTestMethods(Invoker.java:1124)
	at org.testng.internal.TestMethodWorker.invokeTestMethods(TestMethodWorker.java:125)
	at org.testng.internal.TestMethodWorker.run(TestMethodWorker.java:108)
	at org.testng.TestRunner.privateRun(TestRunner.java:774)
	at org.testng.TestRunner.run(TestRunner.java:624)
	at org.testng.SuiteRunner.runTest(SuiteRunner.java:359)
	at org.testng.SuiteRunner.runSequentially(SuiteRunner.java:354)
	at org.testng.SuiteRunner.privateRun(SuiteRunner.java:312)
	at org.testng.SuiteRunner.run(SuiteRunner.java:261)
	at org.testng.SuiteRunnerWorker.runSuite(SuiteRunnerWorker.java:52)
	at org.testng.SuiteRunnerWorker.run(SuiteRunnerWorker.java:86)
	at org.testng.TestNG.runSuitesSequentially(TestNG.java:1215)
	at org.testng.TestNG.runSuitesLocally(TestNG.java:1140)
	at org.testng.TestNG.run(TestNG.java:1048)
	at org.apache.maven.surefire.testng.TestNGExecutor.run(TestNGExecutor.java:217)
	at org.apache.maven.surefire.testng.TestNGXmlTestSuite.execute(TestNGXmlTestSuite.java:84)
	at org.apache.maven.surefire.testng.TestNGProvider.invoke(TestNGProvider.java:92)
	at org.apache.maven.surefire.booter.ForkedBooter.invokeProviderInSameClassLoader(ForkedBooter.java:200)
	at org.apache.maven.surefire.booter.ForkedBooter.runSuitesInProcess(ForkedBooter.java:153)
	at org.apache.maven.surefire.booter.ForkedBooter.main(ForkedBooter.java:103)
]]></system-err>
  </testcase>
  <testcase name="verifyMpnId" classname="com.dw.api.automation.TestScripts.AddNewPartnerOrgTest" time="0.401">
    <failure type="java.lang.NullPointerException:">java.lang.NullPointerException: null
	at com.dw.api.automation.libs.FilloExcelUtility.readExcelWithTestName(FilloExcelUtility.java:109)
	at com.dw.api.automation.pagefactory.ApiLoginPF.loginAsPM(ApiLoginPF.java:50)
	at com.dw.api.automation.pagefactory.OrganisationPF.verifyMPN(OrganisationPF.java:44)
	at com.dw.api.automation.TestScripts.AddNewPartnerOrgTest.verifyMpnId(AddNewPartnerOrgTest.java:76)
</failure>
    <system-out><![CDATA[java.lang.NullPointerException
	at com.dw.api.automation.libs.FilloExcelUtility.readExcelWithTestName(FilloExcelUtility.java:109)
	at com.dw.api.automation.TestScripts.AddNewPartnerOrgTest.loginAsPm(AddNewPartnerOrgTest.java:58)
	at sun.reflect.NativeMethodAccessorImpl.invoke0(Native Method)
	at sun.reflect.NativeMethodAccessorImpl.invoke(Unknown Source)
	at sun.reflect.DelegatingMethodAccessorImpl.invoke(Unknown Source)
	at java.lang.reflect.Method.invoke(Unknown Source)
	at org.testng.internal.MethodInvocationHelper.invokeMethod(MethodInvocationHelper.java:85)
	at org.testng.internal.Invoker.invokeMethod(Invoker.java:639)
	at org.testng.internal.Invoker.invokeTestMethod(Invoker.java:816)
	at org.testng.internal.Invoker.invokeTestMethods(Invoker.java:1124)
	at org.testng.internal.TestMethodWorker.invokeTestMethods(TestMethodWorker.java:125)
	at org.testng.internal.TestMethodWorker.run(TestMethodWorker.java:108)
	at org.testng.TestRunner.privateRun(TestRunner.java:774)
	at org.testng.TestRunner.run(TestRunner.java:624)
	at org.testng.SuiteRunner.runTest(SuiteRunner.java:359)
	at org.testng.SuiteRunner.runSequentially(SuiteRunner.java:354)
	at org.testng.SuiteRunner.privateRun(SuiteRunner.java:312)
	at org.testng.SuiteRunner.run(SuiteRunner.java:261)
	at org.testng.SuiteRunnerWorker.runSuite(SuiteRunnerWorker.java:52)
	at org.testng.SuiteRunnerWorker.run(SuiteRunnerWorker.java:86)
	at org.testng.TestNG.runSuitesSequentially(TestNG.java:1215)
	at org.testng.TestNG.runSuitesLocally(TestNG.java:1140)
	at org.testng.TestNG.run(TestNG.java:1048)
	at org.apache.maven.surefire.testng.TestNGExecutor.run(TestNGExecutor.java:217)
	at org.apache.maven.surefire.testng.TestNGXmlTestSuite.execute(TestNGXmlTestSuite.java:84)
	at org.apache.maven.surefire.testng.TestNGProvider.invoke(TestNGProvider.java:92)
	at org.apache.maven.surefire.booter.ForkedBooter.invokeProviderInSameClassLoader(ForkedBooter.java:200)
	at org.apache.maven.surefire.booter.ForkedBooter.runSuitesInProcess(ForkedBooter.java:153)
	at org.apache.maven.surefire.booter.ForkedBooter.main(ForkedBooter.java:103)

dbloc=https://test.
 testColomName=AddNewPartnerOrgTest
dbloc=https://test.
exceldbloc Location=/var/lib/jenkins/jobs/Genesis_API_Automation/workspace/src/test/resources/files/ConfigSheet.xlsx
exceldbloc=/var/lib/jenkins/jobs/Genesis_API_Automation/workspace/src/test/resources/files/ConfigSheet.xlsx
Page Name=login
]]></system-out>
    <system-err><![CDATA[com.codoid.products.exception.FilloException: Workbook is not found - /var/lib/jenkins/jobs/Genesis_API_Automation/workspace/src/test/resources/files/ConfigSheet.xlsx
	at com.codoid.products.fillo.Fillo.getConnection(Fillo.java:45)
	at com.dw.api.automation.libs.FilloExcelUtility.readExcelWithTestName(FilloExcelUtility.java:98)
	at com.dw.api.automation.pagefactory.ApiLoginPF.loginAsPM(ApiLoginPF.java:50)
	at com.dw.api.automation.pagefactory.OrganisationPF.verifyMPN(OrganisationPF.java:44)
	at com.dw.api.automation.TestScripts.AddNewPartnerOrgTest.verifyMpnId(AddNewPartnerOrgTest.java:76)
	at sun.reflect.NativeMethodAccessorImpl.invoke0(Native Method)
	at sun.reflect.NativeMethodAccessorImpl.invoke(Unknown Source)
	at sun.reflect.DelegatingMethodAccessorImpl.invoke(Unknown Source)
	at java.lang.reflect.Method.invoke(Unknown Source)
	at org.testng.internal.MethodInvocationHelper.invokeMethod(MethodInvocationHelper.java:85)
	at org.testng.internal.Invoker.invokeMethod(Invoker.java:639)
	at org.testng.internal.Invoker.invokeTestMethod(Invoker.java:816)
	at org.testng.internal.Invoker.invokeTestMethods(Invoker.java:1124)
	at org.testng.internal.TestMethodWorker.invokeTestMethods(TestMethodWorker.java:125)
	at org.testng.internal.TestMethodWorker.run(TestMethodWorker.java:108)
	at org.testng.TestRunner.privateRun(TestRunner.java:774)
	at org.testng.TestRunner.run(TestRunner.java:624)
	at org.testng.SuiteRunner.runTest(SuiteRunner.java:359)
	at org.testng.SuiteRunner.runSequentially(SuiteRunner.java:354)
	at org.testng.SuiteRunner.privateRun(SuiteRunner.java:312)
	at org.testng.SuiteRunner.run(SuiteRunner.java:261)
	at org.testng.SuiteRunnerWorker.runSuite(SuiteRunnerWorker.java:52)
	at org.testng.SuiteRunnerWorker.run(SuiteRunnerWorker.java:86)
	at org.testng.TestNG.runSuitesSequentially(TestNG.java:1215)
	at org.testng.TestNG.runSuitesLocally(TestNG.java:1140)
	at org.testng.TestNG.run(TestNG.java:1048)
	at org.apache.maven.surefire.testng.TestNGExecutor.run(TestNGExecutor.java:217)
	at org.apache.maven.surefire.testng.TestNGXmlTestSuite.execute(TestNGXmlTestSuite.java:84)
	at org.apache.maven.surefire.testng.TestNGProvider.invoke(TestNGProvider.java:92)
	at org.apache.maven.surefire.booter.ForkedBooter.invokeProviderInSameClassLoader(ForkedBooter.java:200)
	at org.apache.maven.surefire.booter.ForkedBooter.runSuitesInProcess(ForkedBooter.java:153)
	at org.apache.maven.surefire.booter.ForkedBooter.main(ForkedBooter.java:103)
]]></system-err>
  </testcase>
  <testcase name="addNewPartnerOrganisation" classname="com.dw.api.automation.TestScripts.AddNewPartnerOrgTest" time="0.011">
    <failure type="java.lang.NullPointerException:">java.lang.NullPointerException: null
	at com.dw.api.automation.libs.FilloExcelUtility.readExcelWithTestName(FilloExcelUtility.java:109)
	at com.dw.api.automation.pagefactory.ApiLoginPF.loginAsPM(ApiLoginPF.java:50)
	at com.dw.api.automation.pagefactory.OrganisationPF.addNewPartnerOrganisation(OrganisationPF.java:59)
	at com.dw.api.automation.TestScripts.AddNewPartnerOrgTest.addNewPartnerOrganisation(AddNewPartnerOrgTest.java:88)
</failure>
    <system-out><![CDATA[java.lang.NullPointerException
	at com.dw.api.automation.libs.FilloExcelUtility.readExcelWithTestName(FilloExcelUtility.java:109)
	at com.dw.api.automation.pagefactory.ApiLoginPF.loginAsPM(ApiLoginPF.java:50)
	at com.dw.api.automation.pagefactory.OrganisationPF.verifyMPN(OrganisationPF.java:44)
	at com.dw.api.automation.TestScripts.AddNewPartnerOrgTest.verifyMpnId(AddNewPartnerOrgTest.java:76)
	at sun.reflect.NativeMethodAccessorImpl.invoke0(Native Method)
	at sun.reflect.NativeMethodAccessorImpl.invoke(Unknown Source)
	at sun.reflect.DelegatingMethodAccessorImpl.invoke(Unknown Source)
	at java.lang.reflect.Method.invoke(Unknown Source)
	at org.testng.internal.MethodInvocationHelper.invokeMethod(MethodInvocationHelper.java:85)
	at org.testng.internal.Invoker.invokeMethod(Invoker.java:639)
	at org.testng.internal.Invoker.invokeTestMethod(Invoker.java:816)
	at org.testng.internal.Invoker.invokeTestMethods(Invoker.java:1124)
	at org.testng.internal.TestMethodWorker.invokeTestMethods(TestMethodWorker.java:125)
	at org.testng.internal.TestMethodWorker.run(TestMethodWorker.java:108)
	at org.testng.TestRunner.privateRun(TestRunner.java:774)
	at org.testng.TestRunner.run(TestRunner.java:624)
	at org.testng.SuiteRunner.runTest(SuiteRunner.java:359)
	at org.testng.SuiteRunner.runSequentially(SuiteRunner.java:354)
	at org.testng.SuiteRunner.privateRun(SuiteRunner.java:312)
	at org.testng.SuiteRunner.run(SuiteRunner.java:261)
	at org.testng.SuiteRunnerWorker.runSuite(SuiteRunnerWorker.java:52)
	at org.testng.SuiteRunnerWorker.run(SuiteRunnerWorker.java:86)
	at org.testng.TestNG.runSuitesSequentially(TestNG.java:1215)
	at org.testng.TestNG.runSuitesLocally(TestNG.java:1140)
	at org.testng.TestNG.run(TestNG.java:1048)
	at org.apache.maven.surefire.testng.TestNGExecutor.run(TestNGExecutor.java:217)
	at org.apache.maven.surefire.testng.TestNGXmlTestSuite.execute(TestNGXmlTestSuite.java:84)
	at org.apache.maven.surefire.testng.TestNGProvider.invoke(TestNGProvider.java:92)
	at org.apache.maven.surefire.booter.ForkedBooter.invokeProviderInSameClassLoader(ForkedBooter.java:200)
	at org.apache.maven.surefire.booter.ForkedBooter.runSuitesInProcess(ForkedBooter.java:153)
	at org.apache.maven.surefire.booter.ForkedBooter.main(ForkedBooter.java:103)

dbloc=https://test.
exceldbloc Location=/var/lib/jenkins/jobs/Genesis_API_Automation/workspace/src/test/resources/files/ConfigSheet.xlsx
exceldbloc=/var/lib/jenkins/jobs/Genesis_API_Automation/workspace/src/test/resources/files/ConfigSheet.xlsx
Page Name=login
]]></system-out>
    <system-err><![CDATA[com.codoid.products.exception.FilloException: Workbook is not found - /var/lib/jenkins/jobs/Genesis_API_Automation/workspace/src/test/resources/files/ConfigSheet.xlsx
	at com.codoid.products.fillo.Fillo.getConnection(Fillo.java:45)
	at com.dw.api.automation.libs.FilloExcelUtility.readExcelWithTestName(FilloExcelUtility.java:98)
	at com.dw.api.automation.pagefactory.ApiLoginPF.loginAsPM(ApiLoginPF.java:50)
	at com.dw.api.automation.pagefactory.OrganisationPF.addNewPartnerOrganisation(OrganisationPF.java:59)
	at com.dw.api.automation.TestScripts.AddNewPartnerOrgTest.addNewPartnerOrganisation(AddNewPartnerOrgTest.java:88)
	at sun.reflect.NativeMethodAccessorImpl.invoke0(Native Method)
	at sun.reflect.NativeMethodAccessorImpl.invoke(Unknown Source)
	at sun.reflect.DelegatingMethodAccessorImpl.invoke(Unknown Source)
	at java.lang.reflect.Method.invoke(Unknown Source)
	at org.testng.internal.MethodInvocationHelper.invokeMethod(MethodInvocationHelper.java:85)
	at org.testng.internal.Invoker.invokeMethod(Invoker.java:639)
	at org.testng.internal.Invoker.invokeTestMethod(Invoker.java:816)
	at org.testng.internal.Invoker.invokeTestMethods(Invoker.java:1124)
	at org.testng.internal.TestMethodWorker.invokeTestMethods(TestMethodWorker.java:125)
	at org.testng.internal.TestMethodWorker.run(TestMethodWorker.java:108)
	at org.testng.TestRunner.privateRun(TestRunner.java:774)
	at org.testng.TestRunner.run(TestRunner.java:624)
	at org.testng.SuiteRunner.runTest(SuiteRunner.java:359)
	at org.testng.SuiteRunner.runSequentially(SuiteRunner.java:354)
	at org.testng.SuiteRunner.privateRun(SuiteRunner.java:312)
	at org.testng.SuiteRunner.run(SuiteRunner.java:261)
	at org.testng.SuiteRunnerWorker.runSuite(SuiteRunnerWorker.java:52)
	at org.testng.SuiteRunnerWorker.run(SuiteRunnerWorker.java:86)
	at org.testng.TestNG.runSuitesSequentially(TestNG.java:1215)
	at org.testng.TestNG.runSuitesLocally(TestNG.java:1140)
	at org.testng.TestNG.run(TestNG.java:1048)
	at org.apache.maven.surefire.testng.TestNGExecutor.run(TestNGExecutor.java:217)
	at org.apache.maven.surefire.testng.TestNGXmlTestSuite.execute(TestNGXmlTestSuite.java:84)
	at org.apache.maven.surefire.testng.TestNGProvider.invoke(TestNGProvider.java:92)
	at org.apache.maven.surefire.booter.ForkedBooter.invokeProviderInSameClassLoader(ForkedBooter.java:200)
	at org.apache.maven.surefire.booter.ForkedBooter.runSuitesInProcess(ForkedBooter.java:153)
	at org.apache.maven.surefire.booter.ForkedBooter.main(ForkedBooter.java:103)
]]></system-err>
  </testcase>
  <testcase name="approveNewOrgByBAM" classname="com.dw.api.automation.TestScripts.AddNewPartnerOrgTest" time="0.029">
    <failure type="java.lang.NullPointerException:">java.lang.NullPointerException: null
	at com.dw.api.automation.libs.FilloExcelUtility.readExcelWithTestName(FilloExcelUtility.java:109)
	at com.dw.api.automation.pagefactory.OrganisationPF.approveNewOrganisationByBam(OrganisationPF.java:155)
	at com.dw.api.automation.TestScripts.AddNewPartnerOrgTest.approveNewOrgByBAM(AddNewPartnerOrgTest.java:103)
</failure>
    <system-out><![CDATA[java.lang.NullPointerException
	at com.dw.api.automation.libs.FilloExcelUtility.readExcelWithTestName(FilloExcelUtility.java:109)
	at com.dw.api.automation.pagefactory.ApiLoginPF.loginAsPM(ApiLoginPF.java:50)
	at com.dw.api.automation.pagefactory.OrganisationPF.addNewPartnerOrganisation(OrganisationPF.java:59)
	at com.dw.api.automation.TestScripts.AddNewPartnerOrgTest.addNewPartnerOrganisation(AddNewPartnerOrgTest.java:88)
	at sun.reflect.NativeMethodAccessorImpl.invoke0(Native Method)
	at sun.reflect.NativeMethodAccessorImpl.invoke(Unknown Source)
	at sun.reflect.DelegatingMethodAccessorImpl.invoke(Unknown Source)
	at java.lang.reflect.Method.invoke(Unknown Source)
	at org.testng.internal.MethodInvocationHelper.invokeMethod(MethodInvocationHelper.java:85)
	at org.testng.internal.Invoker.invokeMethod(Invoker.java:639)
	at org.testng.internal.Invoker.invokeTestMethod(Invoker.java:816)
	at org.testng.internal.Invoker.invokeTestMethods(Invoker.java:1124)
	at org.testng.internal.TestMethodWorker.invokeTestMethods(TestMethodWorker.java:125)
	at org.testng.internal.TestMethodWorker.run(TestMethodWorker.java:108)
	at org.testng.TestRunner.privateRun(TestRunner.java:774)
	at org.testng.TestRunner.run(TestRunner.java:624)
	at org.testng.SuiteRunner.runTest(SuiteRunner.java:359)
	at org.testng.SuiteRunner.runSequentially(SuiteRunner.java:354)
	at org.testng.SuiteRunner.privateRun(SuiteRunner.java:312)
	at org.testng.SuiteRunner.run(SuiteRunner.java:261)
	at org.testng.SuiteRunnerWorker.runSuite(SuiteRunnerWorker.java:52)
	at org.testng.SuiteRunnerWorker.run(SuiteRunnerWorker.java:86)
	at org.testng.TestNG.runSuitesSequentially(TestNG.java:1215)
	at org.testng.TestNG.runSuitesLocally(TestNG.java:1140)
	at org.testng.TestNG.run(TestNG.java:1048)
	at org.apache.maven.surefire.testng.TestNGExecutor.run(TestNGExecutor.java:217)
	at org.apache.maven.surefire.testng.TestNGXmlTestSuite.execute(TestNGXmlTestSuite.java:84)
	at org.apache.maven.surefire.testng.TestNGProvider.invoke(TestNGProvider.java:92)
	at org.apache.maven.surefire.booter.ForkedBooter.invokeProviderInSameClassLoader(ForkedBooter.java:200)
	at org.apache.maven.surefire.booter.ForkedBooter.runSuitesInProcess(ForkedBooter.java:153)
	at org.apache.maven.surefire.booter.ForkedBooter.main(ForkedBooter.java:103)

testNameColom=AddNewPartnerOrgTest
exceldbloc Location=/var/lib/jenkins/jobs/Genesis_API_Automation/workspace/src/test/resources/files/ConfigSheet.xlsx
exceldbloc=/var/lib/jenkins/jobs/Genesis_API_Automation/workspace/src/test/resources/files/ConfigSheet.xlsx
Page Name=login
]]></system-out>
    <system-err><![CDATA[com.codoid.products.exception.FilloException: Workbook is not found - /var/lib/jenkins/jobs/Genesis_API_Automation/workspace/src/test/resources/files/ConfigSheet.xlsx
	at com.codoid.products.fillo.Fillo.getConnection(Fillo.java:45)
	at com.dw.api.automation.libs.FilloExcelUtility.readExcelWithTestName(FilloExcelUtility.java:98)
	at com.dw.api.automation.pagefactory.OrganisationPF.approveNewOrganisationByBam(OrganisationPF.java:155)
	at com.dw.api.automation.TestScripts.AddNewPartnerOrgTest.approveNewOrgByBAM(AddNewPartnerOrgTest.java:103)
	at sun.reflect.NativeMethodAccessorImpl.invoke0(Native Method)
	at sun.reflect.NativeMethodAccessorImpl.invoke(Unknown Source)
	at sun.reflect.DelegatingMethodAccessorImpl.invoke(Unknown Source)
	at java.lang.reflect.Method.invoke(Unknown Source)
	at org.testng.internal.MethodInvocationHelper.invokeMethod(MethodInvocationHelper.java:85)
	at org.testng.internal.Invoker.invokeMethod(Invoker.java:639)
	at org.testng.internal.Invoker.invokeTestMethod(Invoker.java:816)
	at org.testng.internal.Invoker.invokeTestMethods(Invoker.java:1124)
	at org.testng.internal.TestMethodWorker.invokeTestMethods(TestMethodWorker.java:125)
	at org.testng.internal.TestMethodWorker.run(TestMethodWorker.java:108)
	at org.testng.TestRunner.privateRun(TestRunner.java:774)
	at org.testng.TestRunner.run(TestRunner.java:624)
	at org.testng.SuiteRunner.runTest(SuiteRunner.java:359)
	at org.testng.SuiteRunner.runSequentially(SuiteRunner.java:354)
	at org.testng.SuiteRunner.privateRun(SuiteRunner.java:312)
	at org.testng.SuiteRunner.run(SuiteRunner.java:261)
	at org.testng.SuiteRunnerWorker.runSuite(SuiteRunnerWorker.java:52)
	at org.testng.SuiteRunnerWorker.run(SuiteRunnerWorker.java:86)
	at org.testng.TestNG.runSuitesSequentially(TestNG.java:1215)
	at org.testng.TestNG.runSuitesLocally(TestNG.java:1140)
	at org.testng.TestNG.run(TestNG.java:1048)
	at org.apache.maven.surefire.testng.TestNGExecutor.run(TestNGExecutor.java:217)
	at org.apache.maven.surefire.testng.TestNGXmlTestSuite.execute(TestNGXmlTestSuite.java:84)
	at org.apache.maven.surefire.testng.TestNGProvider.invoke(TestNGProvider.java:92)
	at org.apache.maven.surefire.booter.ForkedBooter.invokeProviderInSameClassLoader(ForkedBooter.java:200)
	at org.apache.maven.surefire.booter.ForkedBooter.runSuitesInProcess(ForkedBooter.java:153)
	at org.apache.maven.surefire.booter.ForkedBooter.main(ForkedBooter.java:103)
]]></system-err>
  </testcase>
  <testcase name="approveNewOrgByCA" classname="com.dw.api.automation.TestScripts.AddNewPartnerOrgTest" time="0.004">
    <failure type="java.lang.NullPointerException:">java.lang.NullPointerException: null
	at com.dw.api.automation.libs.FilloExcelUtility.readExcelWithTestName(FilloExcelUtility.java:109)
	at com.dw.api.automation.pagefactory.ApiLoginPF.loginAsCA(ApiLoginPF.java:150)
	at com.dw.api.automation.pagefactory.OrganisationPF.approveNewOrganisationByCA(OrganisationPF.java:207)
	at com.dw.api.automation.TestScripts.AddNewPartnerOrgTest.approveNewOrgByCA(AddNewPartnerOrgTest.java:115)
</failure>
    <system-out><![CDATA[java.lang.NullPointerException
	at com.dw.api.automation.libs.FilloExcelUtility.readExcelWithTestName(FilloExcelUtility.java:109)
	at com.dw.api.automation.pagefactory.OrganisationPF.approveNewOrganisationByBam(OrganisationPF.java:155)
	at com.dw.api.automation.TestScripts.AddNewPartnerOrgTest.approveNewOrgByBAM(AddNewPartnerOrgTest.java:103)
	at sun.reflect.NativeMethodAccessorImpl.invoke0(Native Method)
	at sun.reflect.NativeMethodAccessorImpl.invoke(Unknown Source)
	at sun.reflect.DelegatingMethodAccessorImpl.invoke(Unknown Source)
	at java.lang.reflect.Method.invoke(Unknown Source)
	at org.testng.internal.MethodInvocationHelper.invokeMethod(MethodInvocationHelper.java:85)
	at org.testng.internal.Invoker.invokeMethod(Invoker.java:639)
	at org.testng.internal.Invoker.invokeTestMethod(Invoker.java:816)
	at org.testng.internal.Invoker.invokeTestMethods(Invoker.java:1124)
	at org.testng.internal.TestMethodWorker.invokeTestMethods(TestMethodWorker.java:125)
	at org.testng.internal.TestMethodWorker.run(TestMethodWorker.java:108)
	at org.testng.TestRunner.privateRun(TestRunner.java:774)
	at org.testng.TestRunner.run(TestRunner.java:624)
	at org.testng.SuiteRunner.runTest(SuiteRunner.java:359)
	at org.testng.SuiteRunner.runSequentially(SuiteRunner.java:354)
	at org.testng.SuiteRunner.privateRun(SuiteRunner.java:312)
	at org.testng.SuiteRunner.run(SuiteRunner.java:261)
	at org.testng.SuiteRunnerWorker.runSuite(SuiteRunnerWorker.java:52)
	at org.testng.SuiteRunnerWorker.run(SuiteRunnerWorker.java:86)
	at org.testng.TestNG.runSuitesSequentially(TestNG.java:1215)
	at org.testng.TestNG.runSuitesLocally(TestNG.java:1140)
	at org.testng.TestNG.run(TestNG.java:1048)
	at org.apache.maven.surefire.testng.TestNGExecutor.run(TestNGExecutor.java:217)
	at org.apache.maven.surefire.testng.TestNGXmlTestSuite.execute(TestNGXmlTestSuite.java:84)
	at org.apache.maven.surefire.testng.TestNGProvider.invoke(TestNGProvider.java:92)
	at org.apache.maven.surefire.booter.ForkedBooter.invokeProviderInSameClassLoader(ForkedBooter.java:200)
	at org.apache.maven.surefire.booter.ForkedBooter.runSuitesInProcess(ForkedBooter.java:153)
	at org.apache.maven.surefire.booter.ForkedBooter.main(ForkedBooter.java:103)

dbloc=https://test.
exceldbloc Location=/var/lib/jenkins/jobs/Genesis_API_Automation/workspace/src/test/resources/files/ConfigSheet.xlsx
exceldbloc=/var/lib/jenkins/jobs/Genesis_API_Automation/workspace/src/test/resources/files/ConfigSheet.xlsx
Page Name=login
]]></system-out>
    <system-err><![CDATA[com.codoid.products.exception.FilloException: Workbook is not found - /var/lib/jenkins/jobs/Genesis_API_Automation/workspace/src/test/resources/files/ConfigSheet.xlsx
	at com.codoid.products.fillo.Fillo.getConnection(Fillo.java:45)
	at com.dw.api.automation.libs.FilloExcelUtility.readExcelWithTestName(FilloExcelUtility.java:98)
	at com.dw.api.automation.pagefactory.ApiLoginPF.loginAsCA(ApiLoginPF.java:150)
	at com.dw.api.automation.pagefactory.OrganisationPF.approveNewOrganisationByCA(OrganisationPF.java:207)
	at com.dw.api.automation.TestScripts.AddNewPartnerOrgTest.approveNewOrgByCA(AddNewPartnerOrgTest.java:115)
	at sun.reflect.NativeMethodAccessorImpl.invoke0(Native Method)
	at sun.reflect.NativeMethodAccessorImpl.invoke(Unknown Source)
	at sun.reflect.DelegatingMethodAccessorImpl.invoke(Unknown Source)
	at java.lang.reflect.Method.invoke(Unknown Source)
	at org.testng.internal.MethodInvocationHelper.invokeMethod(MethodInvocationHelper.java:85)
	at org.testng.internal.Invoker.invokeMethod(Invoker.java:639)
	at org.testng.internal.Invoker.invokeTestMethod(Invoker.java:816)
	at org.testng.internal.Invoker.invokeTestMethods(Invoker.java:1124)
	at org.testng.internal.TestMethodWorker.invokeTestMethods(TestMethodWorker.java:125)
	at org.testng.internal.TestMethodWorker.run(TestMethodWorker.java:108)
	at org.testng.TestRunner.privateRun(TestRunner.java:774)
	at org.testng.TestRunner.run(TestRunner.java:624)
	at org.testng.SuiteRunner.runTest(SuiteRunner.java:359)
	at org.testng.SuiteRunner.runSequentially(SuiteRunner.java:354)
	at org.testng.SuiteRunner.privateRun(SuiteRunner.java:312)
	at org.testng.SuiteRunner.run(SuiteRunner.java:261)
	at org.testng.SuiteRunnerWorker.runSuite(SuiteRunnerWorker.java:52)
	at org.testng.SuiteRunnerWorker.run(SuiteRunnerWorker.java:86)
	at org.testng.TestNG.runSuitesSequentially(TestNG.java:1215)
	at org.testng.TestNG.runSuitesLocally(TestNG.java:1140)
	at org.testng.TestNG.run(TestNG.java:1048)
	at org.apache.maven.surefire.testng.TestNGExecutor.run(TestNGExecutor.java:217)
	at org.apache.maven.surefire.testng.TestNGXmlTestSuite.execute(TestNGXmlTestSuite.java:84)
	at org.apache.maven.surefire.testng.TestNGProvider.invoke(TestNGProvider.java:92)
	at org.apache.maven.surefire.booter.ForkedBooter.invokeProviderInSameClassLoader(ForkedBooter.java:200)
	at org.apache.maven.surefire.booter.ForkedBooter.runSuitesInProcess(ForkedBooter.java:153)
	at org.apache.maven.surefire.booter.ForkedBooter.main(ForkedBooter.java:103)
]]></system-err>
  </testcase>
  <testcase name="loginAsPm" classname="com.dw.api.automation.TestScripts.CustomerOnBoardingTest" time="0.004">
    <failure type="java.lang.NullPointerException:">java.lang.NullPointerException: null
	at com.dw.api.automation.libs.FilloExcelUtility.readExcelWithTestName(FilloExcelUtility.java:109)
	at com.dw.api.automation.TestScripts.CustomerOnBoardingTest.loginAsPm(CustomerOnBoardingTest.java:50)
</failure>
    <system-out><![CDATA[java.lang.NullPointerException
	at com.dw.api.automation.libs.FilloExcelUtility.readExcelWithTestName(FilloExcelUtility.java:109)
	at com.dw.api.automation.pagefactory.ApiLoginPF.loginAsCA(ApiLoginPF.java:150)
	at com.dw.api.automation.pagefactory.OrganisationPF.approveNewOrganisationByCA(OrganisationPF.java:207)
	at com.dw.api.automation.TestScripts.AddNewPartnerOrgTest.approveNewOrgByCA(AddNewPartnerOrgTest.java:115)
	at sun.reflect.NativeMethodAccessorImpl.invoke0(Native Method)
	at sun.reflect.NativeMethodAccessorImpl.invoke(Unknown Source)
	at sun.reflect.DelegatingMethodAccessorImpl.invoke(Unknown Source)
	at java.lang.reflect.Method.invoke(Unknown Source)
	at org.testng.internal.MethodInvocationHelper.invokeMethod(MethodInvocationHelper.java:85)
	at org.testng.internal.Invoker.invokeMethod(Invoker.java:639)
	at org.testng.internal.Invoker.invokeTestMethod(Invoker.java:816)
	at org.testng.internal.Invoker.invokeTestMethods(Invoker.java:1124)
	at org.testng.internal.TestMethodWorker.invokeTestMethods(TestMethodWorker.java:125)
	at org.testng.internal.TestMethodWorker.run(TestMethodWorker.java:108)
	at org.testng.TestRunner.privateRun(TestRunner.java:774)
	at org.testng.TestRunner.run(TestRunner.java:624)
	at org.testng.SuiteRunner.runTest(SuiteRunner.java:359)
	at org.testng.SuiteRunner.runSequentially(SuiteRunner.java:354)
	at org.testng.SuiteRunner.privateRun(SuiteRunner.java:312)
	at org.testng.SuiteRunner.run(SuiteRunner.java:261)
	at org.testng.SuiteRunnerWorker.runSuite(SuiteRunnerWorker.java:52)
	at org.testng.SuiteRunnerWorker.run(SuiteRunnerWorker.java:86)
	at org.testng.TestNG.runSuitesSequentially(TestNG.java:1215)
	at org.testng.TestNG.runSuitesLocally(TestNG.java:1140)
	at org.testng.TestNG.run(TestNG.java:1048)
	at org.apache.maven.surefire.testng.TestNGExecutor.run(TestNGExecutor.java:217)
	at org.apache.maven.surefire.testng.TestNGXmlTestSuite.execute(TestNGXmlTestSuite.java:84)
	at org.apache.maven.surefire.testng.TestNGProvider.invoke(TestNGProvider.java:92)
	at org.apache.maven.surefire.booter.ForkedBooter.invokeProviderInSameClassLoader(ForkedBooter.java:200)
	at org.apache.maven.surefire.booter.ForkedBooter.runSuitesInProcess(ForkedBooter.java:153)
	at org.apache.maven.surefire.booter.ForkedBooter.main(ForkedBooter.java:103)

extent object value=com.relevantcodes.extentreports.ExtentReports@780cb77
exceldbloc Location=/var/lib/jenkins/jobs/Genesis_API_Automation/workspace/src/test/resources/files/ConfigSheet.xlsx
exceldbloc=/var/lib/jenkins/jobs/Genesis_API_Automation/workspace/src/test/resources/files/ConfigSheet.xlsx
Page Name=login
]]></system-out>
    <system-err><![CDATA[com.codoid.products.exception.FilloException: Workbook is not found - /var/lib/jenkins/jobs/Genesis_API_Automation/workspace/src/test/resources/files/ConfigSheet.xlsx
	at com.codoid.products.fillo.Fillo.getConnection(Fillo.java:45)
	at com.dw.api.automation.libs.FilloExcelUtility.readExcelWithTestName(FilloExcelUtility.java:98)
	at com.dw.api.automation.TestScripts.CustomerOnBoardingTest.loginAsPm(CustomerOnBoardingTest.java:50)
	at sun.reflect.NativeMethodAccessorImpl.invoke0(Native Method)
	at sun.reflect.NativeMethodAccessorImpl.invoke(Unknown Source)
	at sun.reflect.DelegatingMethodAccessorImpl.invoke(Unknown Source)
	at java.lang.reflect.Method.invoke(Unknown Source)
	at org.testng.internal.MethodInvocationHelper.invokeMethod(MethodInvocationHelper.java:85)
	at org.testng.internal.Invoker.invokeMethod(Invoker.java:639)
	at org.testng.internal.Invoker.invokeTestMethod(Invoker.java:816)
	at org.testng.internal.Invoker.invokeTestMethods(Invoker.java:1124)
	at org.testng.internal.TestMethodWorker.invokeTestMethods(TestMethodWorker.java:125)
	at org.testng.internal.TestMethodWorker.run(TestMethodWorker.java:108)
	at org.testng.TestRunner.privateRun(TestRunner.java:774)
	at org.testng.TestRunner.run(TestRunner.java:624)
	at org.testng.SuiteRunner.runTest(SuiteRunner.java:359)
	at org.testng.SuiteRunner.runSequentially(SuiteRunner.java:354)
	at org.testng.SuiteRunner.privateRun(SuiteRunner.java:312)
	at org.testng.SuiteRunner.run(SuiteRunner.java:261)
	at org.testng.SuiteRunnerWorker.runSuite(SuiteRunnerWorker.java:52)
	at org.testng.SuiteRunnerWorker.run(SuiteRunnerWorker.java:86)
	at org.testng.TestNG.runSuitesSequentially(TestNG.java:1215)
	at org.testng.TestNG.runSuitesLocally(TestNG.java:1140)
	at org.testng.TestNG.run(TestNG.java:1048)
	at org.apache.maven.surefire.testng.TestNGExecutor.run(TestNGExecutor.java:217)
	at org.apache.maven.surefire.testng.TestNGXmlTestSuite.execute(TestNGXmlTestSuite.java:84)
	at org.apache.maven.surefire.testng.TestNGProvider.invoke(TestNGProvider.java:92)
	at org.apache.maven.surefire.booter.ForkedBooter.invokeProviderInSameClassLoader(ForkedBooter.java:200)
	at org.apache.maven.surefire.booter.ForkedBooter.runSuitesInProcess(ForkedBooter.java:153)
	at org.apache.maven.surefire.booter.ForkedBooter.main(ForkedBooter.java:103)
]]></system-err>
  </testcase>
  <testcase name="verifyMpnId" classname="com.dw.api.automation.TestScripts.CustomerOnBoardingTest" time="0.006">
    <failure type="java.lang.NullPointerException:">java.lang.NullPointerException: null
	at com.dw.api.automation.libs.FilloExcelUtility.readExcelWithTestName(FilloExcelUtility.java:109)
	at com.dw.api.automation.pagefactory.ApiLoginPF.loginAsPM(ApiLoginPF.java:50)
	at com.dw.api.automation.pagefactory.OrganisationPF.verifyMPN(OrganisationPF.java:44)
	at com.dw.api.automation.TestScripts.CustomerOnBoardingTest.verifyMpnId(CustomerOnBoardingTest.java:68)
</failure>
    <system-out><![CDATA[java.lang.NullPointerException
	at com.dw.api.automation.libs.FilloExcelUtility.readExcelWithTestName(FilloExcelUtility.java:109)
	at com.dw.api.automation.TestScripts.CustomerOnBoardingTest.loginAsPm(CustomerOnBoardingTest.java:50)
	at sun.reflect.NativeMethodAccessorImpl.invoke0(Native Method)
	at sun.reflect.NativeMethodAccessorImpl.invoke(Unknown Source)
	at sun.reflect.DelegatingMethodAccessorImpl.invoke(Unknown Source)
	at java.lang.reflect.Method.invoke(Unknown Source)
	at org.testng.internal.MethodInvocationHelper.invokeMethod(MethodInvocationHelper.java:85)
	at org.testng.internal.Invoker.invokeMethod(Invoker.java:639)
	at org.testng.internal.Invoker.invokeTestMethod(Invoker.java:816)
	at org.testng.internal.Invoker.invokeTestMethods(Invoker.java:1124)
	at org.testng.internal.TestMethodWorker.invokeTestMethods(TestMethodWorker.java:125)
	at org.testng.internal.TestMethodWorker.run(TestMethodWorker.java:108)
	at org.testng.TestRunner.privateRun(TestRunner.java:774)
	at org.testng.TestRunner.run(TestRunner.java:624)
	at org.testng.SuiteRunner.runTest(SuiteRunner.java:359)
	at org.testng.SuiteRunner.runSequentially(SuiteRunner.java:354)
	at org.testng.SuiteRunner.privateRun(SuiteRunner.java:312)
	at org.testng.SuiteRunner.run(SuiteRunner.java:261)
	at org.testng.SuiteRunnerWorker.runSuite(SuiteRunnerWorker.java:52)
	at org.testng.SuiteRunnerWorker.run(SuiteRunnerWorker.java:86)
	at org.testng.TestNG.runSuitesSequentially(TestNG.java:1215)
	at org.testng.TestNG.runSuitesLocally(TestNG.java:1140)
	at org.testng.TestNG.run(TestNG.java:1048)
	at org.apache.maven.surefire.testng.TestNGExecutor.run(TestNGExecutor.java:217)
	at org.apache.maven.surefire.testng.TestNGXmlTestSuite.execute(TestNGXmlTestSuite.java:84)
	at org.apache.maven.surefire.testng.TestNGProvider.invoke(TestNGProvider.java:92)
	at org.apache.maven.surefire.booter.ForkedBooter.invokeProviderInSameClassLoader(ForkedBooter.java:200)
	at org.apache.maven.surefire.booter.ForkedBooter.runSuitesInProcess(ForkedBooter.java:153)
	at org.apache.maven.surefire.booter.ForkedBooter.main(ForkedBooter.java:103)

dbloc=https://test.
 testColomName=CustomerOnBoardingTest
dbloc=https://test.
exceldbloc Location=/var/lib/jenkins/jobs/Genesis_API_Automation/workspace/src/test/resources/files/ConfigSheet.xlsx
exceldbloc=/var/lib/jenkins/jobs/Genesis_API_Automation/workspace/src/test/resources/files/ConfigSheet.xlsx
Page Name=login
]]></system-out>
    <system-err><![CDATA[com.codoid.products.exception.FilloException: Workbook is not found - /var/lib/jenkins/jobs/Genesis_API_Automation/workspace/src/test/resources/files/ConfigSheet.xlsx
	at com.codoid.products.fillo.Fillo.getConnection(Fillo.java:45)
	at com.dw.api.automation.libs.FilloExcelUtility.readExcelWithTestName(FilloExcelUtility.java:98)
	at com.dw.api.automation.pagefactory.ApiLoginPF.loginAsPM(ApiLoginPF.java:50)
	at com.dw.api.automation.pagefactory.OrganisationPF.verifyMPN(OrganisationPF.java:44)
	at com.dw.api.automation.TestScripts.CustomerOnBoardingTest.verifyMpnId(CustomerOnBoardingTest.java:68)
	at sun.reflect.NativeMethodAccessorImpl.invoke0(Native Method)
	at sun.reflect.NativeMethodAccessorImpl.invoke(Unknown Source)
	at sun.reflect.DelegatingMethodAccessorImpl.invoke(Unknown Source)
	at java.lang.reflect.Method.invoke(Unknown Source)
	at org.testng.internal.MethodInvocationHelper.invokeMethod(MethodInvocationHelper.java:85)
	at org.testng.internal.Invoker.invokeMethod(Invoker.java:639)
	at org.testng.internal.Invoker.invokeTestMethod(Invoker.java:816)
	at org.testng.internal.Invoker.invokeTestMethods(Invoker.java:1124)
	at org.testng.internal.TestMethodWorker.invokeTestMethods(TestMethodWorker.java:125)
	at org.testng.internal.TestMethodWorker.run(TestMethodWorker.java:108)
	at org.testng.TestRunner.privateRun(TestRunner.java:774)
	at org.testng.TestRunner.run(TestRunner.java:624)
	at org.testng.SuiteRunner.runTest(SuiteRunner.java:359)
	at org.testng.SuiteRunner.runSequentially(SuiteRunner.java:354)
	at org.testng.SuiteRunner.privateRun(SuiteRunner.java:312)
	at org.testng.SuiteRunner.run(SuiteRunner.java:261)
	at org.testng.SuiteRunnerWorker.runSuite(SuiteRunnerWorker.java:52)
	at org.testng.SuiteRunnerWorker.run(SuiteRunnerWorker.java:86)
	at org.testng.TestNG.runSuitesSequentially(TestNG.java:1215)
	at org.testng.TestNG.runSuitesLocally(TestNG.java:1140)
	at org.testng.TestNG.run(TestNG.java:1048)
	at org.apache.maven.surefire.testng.TestNGExecutor.run(TestNGExecutor.java:217)
	at org.apache.maven.surefire.testng.TestNGXmlTestSuite.execute(TestNGXmlTestSuite.java:84)
	at org.apache.maven.surefire.testng.TestNGProvider.invoke(TestNGProvider.java:92)
	at org.apache.maven.surefire.booter.ForkedBooter.invokeProviderInSameClassLoader(ForkedBooter.java:200)
	at org.apache.maven.surefire.booter.ForkedBooter.runSuitesInProcess(ForkedBooter.java:153)
	at org.apache.maven.surefire.booter.ForkedBooter.main(ForkedBooter.java:103)
]]></system-err>
  </testcase>
  <testcase name="addNewPartnerOrganisation" classname="com.dw.api.automation.TestScripts.CustomerOnBoardingTest" time="0.003">
    <failure type="java.lang.NullPointerException:">java.lang.NullPointerException: null
	at com.dw.api.automation.libs.FilloExcelUtility.readExcelWithTestName(FilloExcelUtility.java:109)
	at com.dw.api.automation.pagefactory.ApiLoginPF.loginAsPM(ApiLoginPF.java:50)
	at com.dw.api.automation.pagefactory.OrganisationPF.addNewPartnerOrganisation(OrganisationPF.java:59)
	at com.dw.api.automation.TestScripts.CustomerOnBoardingTest.addNewPartnerOrganisation(CustomerOnBoardingTest.java:79)
</failure>
    <system-out><![CDATA[java.lang.NullPointerException
	at com.dw.api.automation.libs.FilloExcelUtility.readExcelWithTestName(FilloExcelUtility.java:109)
	at com.dw.api.automation.pagefactory.ApiLoginPF.loginAsPM(ApiLoginPF.java:50)
	at com.dw.api.automation.pagefactory.OrganisationPF.verifyMPN(OrganisationPF.java:44)
	at com.dw.api.automation.TestScripts.CustomerOnBoardingTest.verifyMpnId(CustomerOnBoardingTest.java:68)
	at sun.reflect.NativeMethodAccessorImpl.invoke0(Native Method)
	at sun.reflect.NativeMethodAccessorImpl.invoke(Unknown Source)
	at sun.reflect.DelegatingMethodAccessorImpl.invoke(Unknown Source)
	at java.lang.reflect.Method.invoke(Unknown Source)
	at org.testng.internal.MethodInvocationHelper.invokeMethod(MethodInvocationHelper.java:85)
	at org.testng.internal.Invoker.invokeMethod(Invoker.java:639)
	at org.testng.internal.Invoker.invokeTestMethod(Invoker.java:816)
	at org.testng.internal.Invoker.invokeTestMethods(Invoker.java:1124)
	at org.testng.internal.TestMethodWorker.invokeTestMethods(TestMethodWorker.java:125)
	at org.testng.internal.TestMethodWorker.run(TestMethodWorker.java:108)
	at org.testng.TestRunner.privateRun(TestRunner.java:774)
	at org.testng.TestRunner.run(TestRunner.java:624)
	at org.testng.SuiteRunner.runTest(SuiteRunner.java:359)
	at org.testng.SuiteRunner.runSequentially(SuiteRunner.java:354)
	at org.testng.SuiteRunner.privateRun(SuiteRunner.java:312)
	at org.testng.SuiteRunner.run(SuiteRunner.java:261)
	at org.testng.SuiteRunnerWorker.runSuite(SuiteRunnerWorker.java:52)
	at org.testng.SuiteRunnerWorker.run(SuiteRunnerWorker.java:86)
	at org.testng.TestNG.runSuitesSequentially(TestNG.java:1215)
	at org.testng.TestNG.runSuitesLocally(TestNG.java:1140)
	at org.testng.TestNG.run(TestNG.java:1048)
	at org.apache.maven.surefire.testng.TestNGExecutor.run(TestNGExecutor.java:217)
	at org.apache.maven.surefire.testng.TestNGXmlTestSuite.execute(TestNGXmlTestSuite.java:84)
	at org.apache.maven.surefire.testng.TestNGProvider.invoke(TestNGProvider.java:92)
	at org.apache.maven.surefire.booter.ForkedBooter.invokeProviderInSameClassLoader(ForkedBooter.java:200)
	at org.apache.maven.surefire.booter.ForkedBooter.runSuitesInProcess(ForkedBooter.java:153)
	at org.apache.maven.surefire.booter.ForkedBooter.main(ForkedBooter.java:103)

dbloc=https://test.
exceldbloc Location=/var/lib/jenkins/jobs/Genesis_API_Automation/workspace/src/test/resources/files/ConfigSheet.xlsx
exceldbloc=/var/lib/jenkins/jobs/Genesis_API_Automation/workspace/src/test/resources/files/ConfigSheet.xlsx
Page Name=login
]]></system-out>
    <system-err><![CDATA[com.codoid.products.exception.FilloException: Workbook is not found - /var/lib/jenkins/jobs/Genesis_API_Automation/workspace/src/test/resources/files/ConfigSheet.xlsx
	at com.codoid.products.fillo.Fillo.getConnection(Fillo.java:45)
	at com.dw.api.automation.libs.FilloExcelUtility.readExcelWithTestName(FilloExcelUtility.java:98)
	at com.dw.api.automation.pagefactory.ApiLoginPF.loginAsPM(ApiLoginPF.java:50)
	at com.dw.api.automation.pagefactory.OrganisationPF.addNewPartnerOrganisation(OrganisationPF.java:59)
	at com.dw.api.automation.TestScripts.CustomerOnBoardingTest.addNewPartnerOrganisation(CustomerOnBoardingTest.java:79)
	at sun.reflect.NativeMethodAccessorImpl.invoke0(Native Method)
	at sun.reflect.NativeMethodAccessorImpl.invoke(Unknown Source)
	at sun.reflect.DelegatingMethodAccessorImpl.invoke(Unknown Source)
	at java.lang.reflect.Method.invoke(Unknown Source)
	at org.testng.internal.MethodInvocationHelper.invokeMethod(MethodInvocationHelper.java:85)
	at org.testng.internal.Invoker.invokeMethod(Invoker.java:639)
	at org.testng.internal.Invoker.invokeTestMethod(Invoker.java:816)
	at org.testng.internal.Invoker.invokeTestMethods(Invoker.java:1124)
	at org.testng.internal.TestMethodWorker.invokeTestMethods(TestMethodWorker.java:125)
	at org.testng.internal.TestMethodWorker.run(TestMethodWorker.java:108)
	at org.testng.TestRunner.privateRun(TestRunner.java:774)
	at org.testng.TestRunner.run(TestRunner.java:624)
	at org.testng.SuiteRunner.runTest(SuiteRunner.java:359)
	at org.testng.SuiteRunner.runSequentially(SuiteRunner.java:354)
	at org.testng.SuiteRunner.privateRun(SuiteRunner.java:312)
	at org.testng.SuiteRunner.run(SuiteRunner.java:261)
	at org.testng.SuiteRunnerWorker.runSuite(SuiteRunnerWorker.java:52)
	at org.testng.SuiteRunnerWorker.run(SuiteRunnerWorker.java:86)
	at org.testng.TestNG.runSuitesSequentially(TestNG.java:1215)
	at org.testng.TestNG.runSuitesLocally(TestNG.java:1140)
	at org.testng.TestNG.run(TestNG.java:1048)
	at org.apache.maven.surefire.testng.TestNGExecutor.run(TestNGExecutor.java:217)
	at org.apache.maven.surefire.testng.TestNGXmlTestSuite.execute(TestNGXmlTestSuite.java:84)
	at org.apache.maven.surefire.testng.TestNGProvider.invoke(TestNGProvider.java:92)
	at org.apache.maven.surefire.booter.ForkedBooter.invokeProviderInSameClassLoader(ForkedBooter.java:200)
	at org.apache.maven.surefire.booter.ForkedBooter.runSuitesInProcess(ForkedBooter.java:153)
	at org.apache.maven.surefire.booter.ForkedBooter.main(ForkedBooter.java:103)
]]></system-err>
  </testcase>
  <testcase name="approveNewOrgByBAM" classname="com.dw.api.automation.TestScripts.CustomerOnBoardingTest" time="0.015">
    <failure type="java.lang.NullPointerException:">java.lang.NullPointerException: null
	at com.dw.api.automation.libs.FilloExcelUtility.readExcelWithTestName(FilloExcelUtility.java:109)
	at com.dw.api.automation.pagefactory.OrganisationPF.approveNewOrganisationByBam(OrganisationPF.java:155)
	at com.dw.api.automation.TestScripts.CustomerOnBoardingTest.approveNewOrgByBAM(CustomerOnBoardingTest.java:95)
</failure>
    <system-out><![CDATA[java.lang.NullPointerException
	at com.dw.api.automation.libs.FilloExcelUtility.readExcelWithTestName(FilloExcelUtility.java:109)
	at com.dw.api.automation.pagefactory.ApiLoginPF.loginAsPM(ApiLoginPF.java:50)
	at com.dw.api.automation.pagefactory.OrganisationPF.addNewPartnerOrganisation(OrganisationPF.java:59)
	at com.dw.api.automation.TestScripts.CustomerOnBoardingTest.addNewPartnerOrganisation(CustomerOnBoardingTest.java:79)
	at sun.reflect.NativeMethodAccessorImpl.invoke0(Native Method)
	at sun.reflect.NativeMethodAccessorImpl.invoke(Unknown Source)
	at sun.reflect.DelegatingMethodAccessorImpl.invoke(Unknown Source)
	at java.lang.reflect.Method.invoke(Unknown Source)
	at org.testng.internal.MethodInvocationHelper.invokeMethod(MethodInvocationHelper.java:85)
	at org.testng.internal.Invoker.invokeMethod(Invoker.java:639)
	at org.testng.internal.Invoker.invokeTestMethod(Invoker.java:816)
	at org.testng.internal.Invoker.invokeTestMethods(Invoker.java:1124)
	at org.testng.internal.TestMethodWorker.invokeTestMethods(TestMethodWorker.java:125)
	at org.testng.internal.TestMethodWorker.run(TestMethodWorker.java:108)
	at org.testng.TestRunner.privateRun(TestRunner.java:774)
	at org.testng.TestRunner.run(TestRunner.java:624)
	at org.testng.SuiteRunner.runTest(SuiteRunner.java:359)
	at org.testng.SuiteRunner.runSequentially(SuiteRunner.java:354)
	at org.testng.SuiteRunner.privateRun(SuiteRunner.java:312)
	at org.testng.SuiteRunner.run(SuiteRunner.java:261)
	at org.testng.SuiteRunnerWorker.runSuite(SuiteRunnerWorker.java:52)
	at org.testng.SuiteRunnerWorker.run(SuiteRunnerWorker.java:86)
	at org.testng.TestNG.runSuitesSequentially(TestNG.java:1215)
	at org.testng.TestNG.runSuitesLocally(TestNG.java:1140)
	at org.testng.TestNG.run(TestNG.java:1048)
	at org.apache.maven.surefire.testng.TestNGExecutor.run(TestNGExecutor.java:217)
	at org.apache.maven.surefire.testng.TestNGXmlTestSuite.execute(TestNGXmlTestSuite.java:84)
	at org.apache.maven.surefire.testng.TestNGProvider.invoke(TestNGProvider.java:92)
	at org.apache.maven.surefire.booter.ForkedBooter.invokeProviderInSameClassLoader(ForkedBooter.java:200)
	at org.apache.maven.surefire.booter.ForkedBooter.runSuitesInProcess(ForkedBooter.java:153)
	at org.apache.maven.surefire.booter.ForkedBooter.main(ForkedBooter.java:103)

testNameColom=CustomerOnBoardingTest
exceldbloc Location=/var/lib/jenkins/jobs/Genesis_API_Automation/workspace/src/test/resources/files/ConfigSheet.xlsx
exceldbloc=/var/lib/jenkins/jobs/Genesis_API_Automation/workspace/src/test/resources/files/ConfigSheet.xlsx
Page Name=login
]]></system-out>
    <system-err><![CDATA[com.codoid.products.exception.FilloException: Workbook is not found - /var/lib/jenkins/jobs/Genesis_API_Automation/workspace/src/test/resources/files/ConfigSheet.xlsx
	at com.codoid.products.fillo.Fillo.getConnection(Fillo.java:45)
	at com.dw.api.automation.libs.FilloExcelUtility.readExcelWithTestName(FilloExcelUtility.java:98)
	at com.dw.api.automation.pagefactory.OrganisationPF.approveNewOrganisationByBam(OrganisationPF.java:155)
	at com.dw.api.automation.TestScripts.CustomerOnBoardingTest.approveNewOrgByBAM(CustomerOnBoardingTest.java:95)
	at sun.reflect.NativeMethodAccessorImpl.invoke0(Native Method)
	at sun.reflect.NativeMethodAccessorImpl.invoke(Unknown Source)
	at sun.reflect.DelegatingMethodAccessorImpl.invoke(Unknown Source)
	at java.lang.reflect.Method.invoke(Unknown Source)
	at org.testng.internal.MethodInvocationHelper.invokeMethod(MethodInvocationHelper.java:85)
	at org.testng.internal.Invoker.invokeMethod(Invoker.java:639)
	at org.testng.internal.Invoker.invokeTestMethod(Invoker.java:816)
	at org.testng.internal.Invoker.invokeTestMethods(Invoker.java:1124)
	at org.testng.internal.TestMethodWorker.invokeTestMethods(TestMethodWorker.java:125)
	at org.testng.internal.TestMethodWorker.run(TestMethodWorker.java:108)
	at org.testng.TestRunner.privateRun(TestRunner.java:774)
	at org.testng.TestRunner.run(TestRunner.java:624)
	at org.testng.SuiteRunner.runTest(SuiteRunner.java:359)
	at org.testng.SuiteRunner.runSequentially(SuiteRunner.java:354)
	at org.testng.SuiteRunner.privateRun(SuiteRunner.java:312)
	at org.testng.SuiteRunner.run(SuiteRunner.java:261)
	at org.testng.SuiteRunnerWorker.runSuite(SuiteRunnerWorker.java:52)
	at org.testng.SuiteRunnerWorker.run(SuiteRunnerWorker.java:86)
	at org.testng.TestNG.runSuitesSequentially(TestNG.java:1215)
	at org.testng.TestNG.runSuitesLocally(TestNG.java:1140)
	at org.testng.TestNG.run(TestNG.java:1048)
	at org.apache.maven.surefire.testng.TestNGExecutor.run(TestNGExecutor.java:217)
	at org.apache.maven.surefire.testng.TestNGXmlTestSuite.execute(TestNGXmlTestSuite.java:84)
	at org.apache.maven.surefire.testng.TestNGProvider.invoke(TestNGProvider.java:92)
	at org.apache.maven.surefire.booter.ForkedBooter.invokeProviderInSameClassLoader(ForkedBooter.java:200)
	at org.apache.maven.surefire.booter.ForkedBooter.runSuitesInProcess(ForkedBooter.java:153)
	at org.apache.maven.surefire.booter.ForkedBooter.main(ForkedBooter.java:103)
]]></system-err>
  </testcase>
  <testcase name="approveNewOrgByCA" classname="com.dw.api.automation.TestScripts.CustomerOnBoardingTest" time="0.01">
    <failure type="java.lang.NullPointerException:">java.lang.NullPointerException: null
	at com.dw.api.automation.libs.FilloExcelUtility.readExcelWithTestName(FilloExcelUtility.java:109)
	at com.dw.api.automation.pagefactory.ApiLoginPF.loginAsCA(ApiLoginPF.java:150)
	at com.dw.api.automation.pagefactory.OrganisationPF.approveNewOrganisationByCA(OrganisationPF.java:207)
	at com.dw.api.automation.TestScripts.CustomerOnBoardingTest.approveNewOrgByCA(CustomerOnBoardingTest.java:110)
</failure>
    <system-out><![CDATA[java.lang.NullPointerException
	at com.dw.api.automation.libs.FilloExcelUtility.readExcelWithTestName(FilloExcelUtility.java:109)
	at com.dw.api.automation.pagefactory.OrganisationPF.approveNewOrganisationByBam(OrganisationPF.java:155)
	at com.dw.api.automation.TestScripts.CustomerOnBoardingTest.approveNewOrgByBAM(CustomerOnBoardingTest.java:95)
	at sun.reflect.NativeMethodAccessorImpl.invoke0(Native Method)
	at sun.reflect.NativeMethodAccessorImpl.invoke(Unknown Source)
	at sun.reflect.DelegatingMethodAccessorImpl.invoke(Unknown Source)
	at java.lang.reflect.Method.invoke(Unknown Source)
	at org.testng.internal.MethodInvocationHelper.invokeMethod(MethodInvocationHelper.java:85)
	at org.testng.internal.Invoker.invokeMethod(Invoker.java:639)
	at org.testng.internal.Invoker.invokeTestMethod(Invoker.java:816)
	at org.testng.internal.Invoker.invokeTestMethods(Invoker.java:1124)
	at org.testng.internal.TestMethodWorker.invokeTestMethods(TestMethodWorker.java:125)
	at org.testng.internal.TestMethodWorker.run(TestMethodWorker.java:108)
	at org.testng.TestRunner.privateRun(TestRunner.java:774)
	at org.testng.TestRunner.run(TestRunner.java:624)
	at org.testng.SuiteRunner.runTest(SuiteRunner.java:359)
	at org.testng.SuiteRunner.runSequentially(SuiteRunner.java:354)
	at org.testng.SuiteRunner.privateRun(SuiteRunner.java:312)
	at org.testng.SuiteRunner.run(SuiteRunner.java:261)
	at org.testng.SuiteRunnerWorker.runSuite(SuiteRunnerWorker.java:52)
	at org.testng.SuiteRunnerWorker.run(SuiteRunnerWorker.java:86)
	at org.testng.TestNG.runSuitesSequentially(TestNG.java:1215)
	at org.testng.TestNG.runSuitesLocally(TestNG.java:1140)
	at org.testng.TestNG.run(TestNG.java:1048)
	at org.apache.maven.surefire.testng.TestNGExecutor.run(TestNGExecutor.java:217)
	at org.apache.maven.surefire.testng.TestNGXmlTestSuite.execute(TestNGXmlTestSuite.java:84)
	at org.apache.maven.surefire.testng.TestNGProvider.invoke(TestNGProvider.java:92)
	at org.apache.maven.surefire.booter.ForkedBooter.invokeProviderInSameClassLoader(ForkedBooter.java:200)
	at org.apache.maven.surefire.booter.ForkedBooter.runSuitesInProcess(ForkedBooter.java:153)
	at org.apache.maven.surefire.booter.ForkedBooter.main(ForkedBooter.java:103)

dbloc=https://test.
exceldbloc Location=/var/lib/jenkins/jobs/Genesis_API_Automation/workspace/src/test/resources/files/ConfigSheet.xlsx
exceldbloc=/var/lib/jenkins/jobs/Genesis_API_Automation/workspace/src/test/resources/files/ConfigSheet.xlsx
Page Name=login
]]></system-out>
    <system-err><![CDATA[com.codoid.products.exception.FilloException: Workbook is not found - /var/lib/jenkins/jobs/Genesis_API_Automation/workspace/src/test/resources/files/ConfigSheet.xlsx
	at com.codoid.products.fillo.Fillo.getConnection(Fillo.java:45)
	at com.dw.api.automation.libs.FilloExcelUtility.readExcelWithTestName(FilloExcelUtility.java:98)
	at com.dw.api.automation.pagefactory.ApiLoginPF.loginAsCA(ApiLoginPF.java:150)
	at com.dw.api.automation.pagefactory.OrganisationPF.approveNewOrganisationByCA(OrganisationPF.java:207)
	at com.dw.api.automation.TestScripts.CustomerOnBoardingTest.approveNewOrgByCA(CustomerOnBoardingTest.java:110)
	at sun.reflect.NativeMethodAccessorImpl.invoke0(Native Method)
	at sun.reflect.NativeMethodAccessorImpl.invoke(Unknown Source)
	at sun.reflect.DelegatingMethodAccessorImpl.invoke(Unknown Source)
	at java.lang.reflect.Method.invoke(Unknown Source)
	at org.testng.internal.MethodInvocationHelper.invokeMethod(MethodInvocationHelper.java:85)
	at org.testng.internal.Invoker.invokeMethod(Invoker.java:639)
	at org.testng.internal.Invoker.invokeTestMethod(Invoker.java:816)
	at org.testng.internal.Invoker.invokeTestMethods(Invoker.java:1124)
	at org.testng.internal.TestMethodWorker.invokeTestMethods(TestMethodWorker.java:125)
	at org.testng.internal.TestMethodWorker.run(TestMethodWorker.java:108)
	at org.testng.TestRunner.privateRun(TestRunner.java:774)
	at org.testng.TestRunner.run(TestRunner.java:624)
	at org.testng.SuiteRunner.runTest(SuiteRunner.java:359)
	at org.testng.SuiteRunner.runSequentially(SuiteRunner.java:354)
	at org.testng.SuiteRunner.privateRun(SuiteRunner.java:312)
	at org.testng.SuiteRunner.run(SuiteRunner.java:261)
	at org.testng.SuiteRunnerWorker.runSuite(SuiteRunnerWorker.java:52)
	at org.testng.SuiteRunnerWorker.run(SuiteRunnerWorker.java:86)
	at org.testng.TestNG.runSuitesSequentially(TestNG.java:1215)
	at org.testng.TestNG.runSuitesLocally(TestNG.java:1140)
	at org.testng.TestNG.run(TestNG.java:1048)
	at org.apache.maven.surefire.testng.TestNGExecutor.run(TestNGExecutor.java:217)
	at org.apache.maven.surefire.testng.TestNGXmlTestSuite.execute(TestNGXmlTestSuite.java:84)
	at org.apache.maven.surefire.testng.TestNGProvider.invoke(TestNGProvider.java:92)
	at org.apache.maven.surefire.booter.ForkedBooter.invokeProviderInSameClassLoader(ForkedBooter.java:200)
	at org.apache.maven.surefire.booter.ForkedBooter.runSuitesInProcess(ForkedBooter.java:153)
	at org.apache.maven.surefire.booter.ForkedBooter.main(ForkedBooter.java:103)
]]></system-err>
  </testcase>
  <testcase name="createNewCustomer" classname="com.dw.api.automation.TestScripts.CustomerOnBoardingTest" time="0.013">
    <failure type="java.lang.NullPointerException:">java.lang.NullPointerException: null
	at com.dw.api.automation.libs.FilloExcelUtility.readExcelWithTestName(FilloExcelUtility.java:109)
	at com.dw.api.automation.pagefactory.ApiLoginPF.loginAsPM(ApiLoginPF.java:50)
	at com.dw.api.automation.pagefactory.CustomerPF.createNewCustomer(CustomerPF.java:36)
	at com.dw.api.automation.TestScripts.CustomerOnBoardingTest.createNewCustomer(CustomerOnBoardingTest.java:121)
</failure>
    <system-out><![CDATA[java.lang.NullPointerException
	at com.dw.api.automation.libs.FilloExcelUtility.readExcelWithTestName(FilloExcelUtility.java:109)
	at com.dw.api.automation.pagefactory.ApiLoginPF.loginAsCA(ApiLoginPF.java:150)
	at com.dw.api.automation.pagefactory.OrganisationPF.approveNewOrganisationByCA(OrganisationPF.java:207)
	at com.dw.api.automation.TestScripts.CustomerOnBoardingTest.approveNewOrgByCA(CustomerOnBoardingTest.java:110)
	at sun.reflect.NativeMethodAccessorImpl.invoke0(Native Method)
	at sun.reflect.NativeMethodAccessorImpl.invoke(Unknown Source)
	at sun.reflect.DelegatingMethodAccessorImpl.invoke(Unknown Source)
	at java.lang.reflect.Method.invoke(Unknown Source)
	at org.testng.internal.MethodInvocationHelper.invokeMethod(MethodInvocationHelper.java:85)
	at org.testng.internal.Invoker.invokeMethod(Invoker.java:639)
	at org.testng.internal.Invoker.invokeTestMethod(Invoker.java:816)
	at org.testng.internal.Invoker.invokeTestMethods(Invoker.java:1124)
	at org.testng.internal.TestMethodWorker.invokeTestMethods(TestMethodWorker.java:125)
	at org.testng.internal.TestMethodWorker.run(TestMethodWorker.java:108)
	at org.testng.TestRunner.privateRun(TestRunner.java:774)
	at org.testng.TestRunner.run(TestRunner.java:624)
	at org.testng.SuiteRunner.runTest(SuiteRunner.java:359)
	at org.testng.SuiteRunner.runSequentially(SuiteRunner.java:354)
	at org.testng.SuiteRunner.privateRun(SuiteRunner.java:312)
	at org.testng.SuiteRunner.run(SuiteRunner.java:261)
	at org.testng.SuiteRunnerWorker.runSuite(SuiteRunnerWorker.java:52)
	at org.testng.SuiteRunnerWorker.run(SuiteRunnerWorker.java:86)
	at org.testng.TestNG.runSuitesSequentially(TestNG.java:1215)
	at org.testng.TestNG.runSuitesLocally(TestNG.java:1140)
	at org.testng.TestNG.run(TestNG.java:1048)
	at org.apache.maven.surefire.testng.TestNGExecutor.run(TestNGExecutor.java:217)
	at org.apache.maven.surefire.testng.TestNGXmlTestSuite.execute(TestNGXmlTestSuite.java:84)
	at org.apache.maven.surefire.testng.TestNGProvider.invoke(TestNGProvider.java:92)
	at org.apache.maven.surefire.booter.ForkedBooter.invokeProviderInSameClassLoader(ForkedBooter.java:200)
	at org.apache.maven.surefire.booter.ForkedBooter.runSuitesInProcess(ForkedBooter.java:153)
	at org.apache.maven.surefire.booter.ForkedBooter.main(ForkedBooter.java:103)

dbloc=https://test.
exceldbloc Location=/var/lib/jenkins/jobs/Genesis_API_Automation/workspace/src/test/resources/files/ConfigSheet.xlsx
exceldbloc=/var/lib/jenkins/jobs/Genesis_API_Automation/workspace/src/test/resources/files/ConfigSheet.xlsx
Page Name=login
]]></system-out>
    <system-err><![CDATA[com.codoid.products.exception.FilloException: Workbook is not found - /var/lib/jenkins/jobs/Genesis_API_Automation/workspace/src/test/resources/files/ConfigSheet.xlsx
	at com.codoid.products.fillo.Fillo.getConnection(Fillo.java:45)
	at com.dw.api.automation.libs.FilloExcelUtility.readExcelWithTestName(FilloExcelUtility.java:98)
	at com.dw.api.automation.pagefactory.ApiLoginPF.loginAsPM(ApiLoginPF.java:50)
	at com.dw.api.automation.pagefactory.CustomerPF.createNewCustomer(CustomerPF.java:36)
	at com.dw.api.automation.TestScripts.CustomerOnBoardingTest.createNewCustomer(CustomerOnBoardingTest.java:121)
	at sun.reflect.NativeMethodAccessorImpl.invoke0(Native Method)
	at sun.reflect.NativeMethodAccessorImpl.invoke(Unknown Source)
	at sun.reflect.DelegatingMethodAccessorImpl.invoke(Unknown Source)
	at java.lang.reflect.Method.invoke(Unknown Source)
	at org.testng.internal.MethodInvocationHelper.invokeMethod(MethodInvocationHelper.java:85)
	at org.testng.internal.Invoker.invokeMethod(Invoker.java:639)
	at org.testng.internal.Invoker.invokeTestMethod(Invoker.java:816)
	at org.testng.internal.Invoker.invokeTestMethods(Invoker.java:1124)
	at org.testng.internal.TestMethodWorker.invokeTestMethods(TestMethodWorker.java:125)
	at org.testng.internal.TestMethodWorker.run(TestMethodWorker.java:108)
	at org.testng.TestRunner.privateRun(TestRunner.java:774)
	at org.testng.TestRunner.run(TestRunner.java:624)
	at org.testng.SuiteRunner.runTest(SuiteRunner.java:359)
	at org.testng.SuiteRunner.runSequentially(SuiteRunner.java:354)
	at org.testng.SuiteRunner.privateRun(SuiteRunner.java:312)
	at org.testng.SuiteRunner.run(SuiteRunner.java:261)
	at org.testng.SuiteRunnerWorker.runSuite(SuiteRunnerWorker.java:52)
	at org.testng.SuiteRunnerWorker.run(SuiteRunnerWorker.java:86)
	at org.testng.TestNG.runSuitesSequentially(TestNG.java:1215)
	at org.testng.TestNG.runSuitesLocally(TestNG.java:1140)
	at org.testng.TestNG.run(TestNG.java:1048)
	at org.apache.maven.surefire.testng.TestNGExecutor.run(TestNGExecutor.java:217)
	at org.apache.maven.surefire.testng.TestNGXmlTestSuite.execute(TestNGXmlTestSuite.java:84)
	at org.apache.maven.surefire.testng.TestNGProvider.invoke(TestNGProvider.java:92)
	at org.apache.maven.surefire.booter.ForkedBooter.invokeProviderInSameClassLoader(ForkedBooter.java:200)
	at org.apache.maven.surefire.booter.ForkedBooter.runSuitesInProcess(ForkedBooter.java:153)
	at org.apache.maven.surefire.booter.ForkedBooter.main(ForkedBooter.java:103)
]]></system-err>
  </testcase>
  <testcase name="getCustomerId" classname="com.dw.api.automation.TestScripts.CustomerOnBoardingTest" time="0.006">
    <failure type="java.lang.NullPointerException:">java.lang.NullPointerException: null
	at com.dw.api.automation.libs.FilloExcelUtility.readExcelWithTestName(FilloExcelUtility.java:109)
	at com.dw.api.automation.pagefactory.ApiLoginPF.loginAsBAM(ApiLoginPF.java:99)
	at com.dw.api.automation.pagefactory.CustomerPF.getCustomerId(CustomerPF.java:98)
	at com.dw.api.automation.TestScripts.CustomerOnBoardingTest.getCustomerId(CustomerOnBoardingTest.java:133)
</failure>
    <system-out><![CDATA[java.lang.NullPointerException
	at com.dw.api.automation.libs.FilloExcelUtility.readExcelWithTestName(FilloExcelUtility.java:109)
	at com.dw.api.automation.pagefactory.ApiLoginPF.loginAsPM(ApiLoginPF.java:50)
	at com.dw.api.automation.pagefactory.CustomerPF.createNewCustomer(CustomerPF.java:36)
	at com.dw.api.automation.TestScripts.CustomerOnBoardingTest.createNewCustomer(CustomerOnBoardingTest.java:121)
	at sun.reflect.NativeMethodAccessorImpl.invoke0(Native Method)
	at sun.reflect.NativeMethodAccessorImpl.invoke(Unknown Source)
	at sun.reflect.DelegatingMethodAccessorImpl.invoke(Unknown Source)
	at java.lang.reflect.Method.invoke(Unknown Source)
	at org.testng.internal.MethodInvocationHelper.invokeMethod(MethodInvocationHelper.java:85)
	at org.testng.internal.Invoker.invokeMethod(Invoker.java:639)
	at org.testng.internal.Invoker.invokeTestMethod(Invoker.java:816)
	at org.testng.internal.Invoker.invokeTestMethods(Invoker.java:1124)
	at org.testng.internal.TestMethodWorker.invokeTestMethods(TestMethodWorker.java:125)
	at org.testng.internal.TestMethodWorker.run(TestMethodWorker.java:108)
	at org.testng.TestRunner.privateRun(TestRunner.java:774)
	at org.testng.TestRunner.run(TestRunner.java:624)
	at org.testng.SuiteRunner.runTest(SuiteRunner.java:359)
	at org.testng.SuiteRunner.runSequentially(SuiteRunner.java:354)
	at org.testng.SuiteRunner.privateRun(SuiteRunner.java:312)
	at org.testng.SuiteRunner.run(SuiteRunner.java:261)
	at org.testng.SuiteRunnerWorker.runSuite(SuiteRunnerWorker.java:52)
	at org.testng.SuiteRunnerWorker.run(SuiteRunnerWorker.java:86)
	at org.testng.TestNG.runSuitesSequentially(TestNG.java:1215)
	at org.testng.TestNG.runSuitesLocally(TestNG.java:1140)
	at org.testng.TestNG.run(TestNG.java:1048)
	at org.apache.maven.surefire.testng.TestNGExecutor.run(TestNGExecutor.java:217)
	at org.apache.maven.surefire.testng.TestNGXmlTestSuite.execute(TestNGXmlTestSuite.java:84)
	at org.apache.maven.surefire.testng.TestNGProvider.invoke(TestNGProvider.java:92)
	at org.apache.maven.surefire.booter.ForkedBooter.invokeProviderInSameClassLoader(ForkedBooter.java:200)
	at org.apache.maven.surefire.booter.ForkedBooter.runSuitesInProcess(ForkedBooter.java:153)
	at org.apache.maven.surefire.booter.ForkedBooter.main(ForkedBooter.java:103)

dbloc=https://test.
exceldbloc Location=/var/lib/jenkins/jobs/Genesis_API_Automation/workspace/src/test/resources/files/ConfigSheet.xlsx
exceldbloc=/var/lib/jenkins/jobs/Genesis_API_Automation/workspace/src/test/resources/files/ConfigSheet.xlsx
Page Name=login
]]></system-out>
    <system-err><![CDATA[com.codoid.products.exception.FilloException: Workbook is not found - /var/lib/jenkins/jobs/Genesis_API_Automation/workspace/src/test/resources/files/ConfigSheet.xlsx
	at com.codoid.products.fillo.Fillo.getConnection(Fillo.java:45)
	at com.dw.api.automation.libs.FilloExcelUtility.readExcelWithTestName(FilloExcelUtility.java:98)
	at com.dw.api.automation.pagefactory.ApiLoginPF.loginAsBAM(ApiLoginPF.java:99)
	at com.dw.api.automation.pagefactory.CustomerPF.getCustomerId(CustomerPF.java:98)
	at com.dw.api.automation.TestScripts.CustomerOnBoardingTest.getCustomerId(CustomerOnBoardingTest.java:133)
	at sun.reflect.NativeMethodAccessorImpl.invoke0(Native Method)
	at sun.reflect.NativeMethodAccessorImpl.invoke(Unknown Source)
	at sun.reflect.DelegatingMethodAccessorImpl.invoke(Unknown Source)
	at java.lang.reflect.Method.invoke(Unknown Source)
	at org.testng.internal.MethodInvocationHelper.invokeMethod(MethodInvocationHelper.java:85)
	at org.testng.internal.Invoker.invokeMethod(Invoker.java:639)
	at org.testng.internal.Invoker.invokeTestMethod(Invoker.java:816)
	at org.testng.internal.Invoker.invokeTestMethods(Invoker.java:1124)
	at org.testng.internal.TestMethodWorker.invokeTestMethods(TestMethodWorker.java:125)
	at org.testng.internal.TestMethodWorker.run(TestMethodWorker.java:108)
[...]
	at com.dw.api.automation.TestScripts.PlaceOrderWithVatTest.createNewCustomer(PlaceOrderWithVatTest.java:126)
	at sun.reflect.NativeMethodAccessorImpl.invoke0(Native Method)
	at sun.reflect.NativeMethodAccessorImpl.invoke(Unknown Source)
	at sun.reflect.DelegatingMethodAccessorImpl.invoke(Unknown Source)
	at java.lang.reflect.Method.invoke(Unknown Source)
	at org.testng.internal.MethodInvocationHelper.invokeMethod(MethodInvocationHelper.java:85)
	at org.testng.internal.Invoker.invokeMethod(Invoker.java:639)
	at org.testng.internal.Invoker.invokeTestMethod(Invoker.java:816)
	at org.testng.internal.Invoker.invokeTestMethods(Invoker.java:1124)
	at org.testng.internal.TestMethodWorker.invokeTestMethods(TestMethodWorker.java:125)
	at org.testng.internal.TestMethodWorker.run(TestMethodWorker.java:108)
	at org.testng.TestRunner.privateRun(TestRunner.java:774)
	at org.testng.TestRunner.run(TestRunner.java:624)
	at org.testng.SuiteRunner.runTest(SuiteRunner.java:359)
	at org.testng.SuiteRunner.runSequentially(SuiteRunner.java:354)
	at org.testng.SuiteRunner.privateRun(SuiteRunner.java:312)
	at org.testng.SuiteRunner.run(SuiteRunner.java:261)
	at org.testng.SuiteRunnerWorker.runSuite(SuiteRunnerWorker.java:52)
	at org.testng.SuiteRunnerWorker.run(SuiteRunnerWorker.java:86)
	at org.testng.TestNG.runSuitesSequentially(TestNG.java:1215)
	at org.testng.TestNG.runSuitesLocally(TestNG.java:1140)
	at org.testng.TestNG.run(TestNG.java:1048)
	at org.apache.maven.surefire.testng.TestNGExecutor.run(TestNGExecutor.java:217)
	at org.apache.maven.surefire.testng.TestNGXmlTestSuite.execute(TestNGXmlTestSuite.java:84)
	at org.apache.maven.surefire.testng.TestNGProvider.invoke(TestNGProvider.java:92)
	at org.apache.maven.surefire.booter.ForkedBooter.invokeProviderInSameClassLoader(ForkedBooter.java:200)
	at org.apache.maven.surefire.booter.ForkedBooter.runSuitesInProcess(ForkedBooter.java:153)
	at org.apache.maven.surefire.booter.ForkedBooter.main(ForkedBooter.java:103)

dbloc=https://test.
exceldbloc Location=/var/lib/jenkins/jobs/Genesis_API_Automation/workspace/src/test/resources/files/ConfigSheet.xlsx
exceldbloc=/var/lib/jenkins/jobs/Genesis_API_Automation/workspace/src/test/resources/files/ConfigSheet.xlsx
Page Name=login
]]></system-out>
    <system-err><![CDATA[com.codoid.products.exception.FilloException: Workbook is not found - /var/lib/jenkins/jobs/Genesis_API_Automation/workspace/src/test/resources/files/ConfigSheet.xlsx
	at com.codoid.products.fillo.Fillo.getConnection(Fillo.java:45)
	at com.dw.api.automation.libs.FilloExcelUtility.readExcelWithTestName(FilloExcelUtility.java:98)
	at com.dw.api.automation.pagefactory.ApiLoginPF.loginAsBAM(ApiLoginPF.java:99)
	at com.dw.api.automation.pagefactory.CustomerPF.getCustomerId(CustomerPF.java:98)
	at com.dw.api.automation.TestScripts.PlaceOrderWithVatTest.getCustomerId(PlaceOrderWithVatTest.java:138)
	at sun.reflect.NativeMethodAccessorImpl.invoke0(Native Method)
	at sun.reflect.NativeMethodAccessorImpl.invoke(Unknown Source)
	at sun.reflect.DelegatingMethodAccessorImpl.invoke(Unknown Source)
	at java.lang.reflect.Method.invoke(Unknown Source)
	at org.testng.internal.MethodInvocationHelper.invokeMethod(MethodInvocationHelper.java:85)
	at org.testng.internal.Invoker.invokeMethod(Invoker.java:639)
	at org.testng.internal.Invoker.invokeTestMethod(Invoker.java:816)
	at org.testng.internal.Invoker.invokeTestMethods(Invoker.java:1124)
	at org.testng.internal.TestMethodWorker.invokeTestMethods(TestMethodWorker.java:125)
	at org.testng.internal.TestMethodWorker.run(TestMethodWorker.java:108)
	at org.testng.TestRunner.privateRun(TestRunner.java:774)
	at org.testng.TestRunner.run(TestRunner.java:624)
	at org.testng.SuiteRunner.runTest(SuiteRunner.java:359)
	at org.testng.SuiteRunner.runSequentially(SuiteRunner.java:354)
	at org.testng.SuiteRunner.privateRun(SuiteRunner.java:312)
	at org.testng.SuiteRunner.run(SuiteRunner.java:261)
	at org.testng.SuiteRunnerWorker.runSuite(SuiteRunnerWorker.java:52)
	at org.testng.SuiteRunnerWorker.run(SuiteRunnerWorker.java:86)
	at org.testng.TestNG.runSuitesSequentially(TestNG.java:1215)
	at org.testng.TestNG.runSuitesLocally(TestNG.java:1140)
	at org.testng.TestNG.run(TestNG.java:1048)
	at org.apache.maven.surefire.testng.TestNGExecutor.run(TestNGExecutor.java:217)
	at org.apache.maven.surefire.testng.TestNGXmlTestSuite.execute(TestNGXmlTestSuite.java:84)
	at org.apache.maven.surefire.testng.TestNGProvider.invoke(TestNGProvider.java:92)
	at org.apache.maven.surefire.booter.ForkedBooter.invokeProviderInSameClassLoader(ForkedBooter.java:200)
	at org.apache.maven.surefire.booter.ForkedBooter.runSuitesInProcess(ForkedBooter.java:153)
	at org.apache.maven.surefire.booter.ForkedBooter.main(ForkedBooter.java:103)
]]></system-err>
  </testcase>
  <testcase name="approveNewCustomerFromBam" classname="com.dw.api.automation.TestScripts.PlaceOrderWithVatTest" time="0.004">
    <failure type="java.lang.NullPointerException:">java.lang.NullPointerException: null
	at com.dw.api.automation.libs.FilloExcelUtility.readExcelWithTestName(FilloExcelUtility.java:109)
	at com.dw.api.automation.pagefactory.ApiLoginPF.loginAsBAM(ApiLoginPF.java:99)
	at com.dw.api.automation.pagefactory.CustomerPF.approveNewCustomerFromBam(CustomerPF.java:133)
	at com.dw.api.automation.TestScripts.PlaceOrderWithVatTest.approveNewCustomerFromBam(PlaceOrderWithVatTest.java:148)
</failure>
    <system-out><![CDATA[java.lang.NullPointerException
	at com.dw.api.automation.libs.FilloExcelUtility.readExcelWithTestName(FilloExcelUtility.java:109)
	at com.dw.api.automation.pagefactory.ApiLoginPF.loginAsBAM(ApiLoginPF.java:99)
	at com.dw.api.automation.pagefactory.CustomerPF.getCustomerId(CustomerPF.java:98)
	at com.dw.api.automation.TestScripts.PlaceOrderWithVatTest.getCustomerId(PlaceOrderWithVatTest.java:138)
	at sun.reflect.NativeMethodAccessorImpl.invoke0(Native Method)
	at sun.reflect.NativeMethodAccessorImpl.invoke(Unknown Source)
	at sun.reflect.DelegatingMethodAccessorImpl.invoke(Unknown Source)
	at java.lang.reflect.Method.invoke(Unknown Source)
	at org.testng.internal.MethodInvocationHelper.invokeMethod(MethodInvocationHelper.java:85)
	at org.testng.internal.Invoker.invokeMethod(Invoker.java:639)
	at org.testng.internal.Invoker.invokeTestMethod(Invoker.java:816)
	at org.testng.internal.Invoker.invokeTestMethods(Invoker.java:1124)
	at org.testng.internal.TestMethodWorker.invokeTestMethods(TestMethodWorker.java:125)
	at org.testng.internal.TestMethodWorker.run(TestMethodWorker.java:108)
	at org.testng.TestRunner.privateRun(TestRunner.java:774)
	at org.testng.TestRunner.run(TestRunner.java:624)
	at org.testng.SuiteRunner.runTest(SuiteRunner.java:359)
	at org.testng.SuiteRunner.runSequentially(SuiteRunner.java:354)
	at org.testng.SuiteRunner.privateRun(SuiteRunner.java:312)
	at org.testng.SuiteRunner.run(SuiteRunner.java:261)
	at org.testng.SuiteRunnerWorker.runSuite(SuiteRunnerWorker.java:52)
	at org.testng.SuiteRunnerWorker.run(SuiteRunnerWorker.java:86)
	at org.testng.TestNG.runSuitesSequentially(TestNG.java:1215)
	at org.testng.TestNG.runSuitesLocally(TestNG.java:1140)
	at org.testng.TestNG.run(TestNG.java:1048)
	at org.apache.maven.surefire.testng.TestNGExecutor.run(TestNGExecutor.java:217)
	at org.apache.maven.surefire.testng.TestNGXmlTestSuite.execute(TestNGXmlTestSuite.java:84)
	at org.apache.maven.surefire.testng.TestNGProvider.invoke(TestNGProvider.java:92)
	at org.apache.maven.surefire.booter.ForkedBooter.invokeProviderInSameClassLoader(ForkedBooter.java:200)
	at org.apache.maven.surefire.booter.ForkedBooter.runSuitesInProcess(ForkedBooter.java:153)
	at org.apache.maven.surefire.booter.ForkedBooter.main(ForkedBooter.java:103)

dbloc=https://test.
exceldbloc Location=/var/lib/jenkins/jobs/Genesis_API_Automation/workspace/src/test/resources/files/ConfigSheet.xlsx
exceldbloc=/var/lib/jenkins/jobs/Genesis_API_Automation/workspace/src/test/resources/files/ConfigSheet.xlsx
Page Name=login
]]></system-out>
    <system-err><![CDATA[com.codoid.products.exception.FilloException: Workbook is not found - /var/lib/jenkins/jobs/Genesis_API_Automation/workspace/src/test/resources/files/ConfigSheet.xlsx
	at com.codoid.products.fillo.Fillo.getConnection(Fillo.java:45)
	at com.dw.api.automation.libs.FilloExcelUtility.readExcelWithTestName(FilloExcelUtility.java:98)
	at com.dw.api.automation.pagefactory.ApiLoginPF.loginAsBAM(ApiLoginPF.java:99)
	at com.dw.api.automation.pagefactory.CustomerPF.approveNewCustomerFromBam(CustomerPF.java:133)
	at com.dw.api.automation.TestScripts.PlaceOrderWithVatTest.approveNewCustomerFromBam(PlaceOrderWithVatTest.java:148)
	at sun.reflect.NativeMethodAccessorImpl.invoke0(Native Method)
	at sun.reflect.NativeMethodAccessorImpl.invoke(Unknown Source)
	at sun.reflect.DelegatingMethodAccessorImpl.invoke(Unknown Source)
	at java.lang.reflect.Method.invoke(Unknown Source)
	at org.testng.internal.MethodInvocationHelper.invokeMethod(MethodInvocationHelper.java:85)
	at org.testng.internal.Invoker.invokeMethod(Invoker.java:639)
	at org.testng.internal.Invoker.invokeTestMethod(Invoker.java:816)
	at org.testng.internal.Invoker.invokeTestMethods(Invoker.java:1124)
	at org.testng.internal.TestMethodWorker.invokeTestMethods(TestMethodWorker.java:125)
	at org.testng.internal.TestMethodWorker.run(TestMethodWorker.java:108)
	at org.testng.TestRunner.privateRun(TestRunner.java:774)
	at org.testng.TestRunner.run(TestRunner.java:624)
	at org.testng.SuiteRunner.runTest(SuiteRunner.java:359)
	at org.testng.SuiteRunner.runSequentially(SuiteRunner.java:354)
	at org.testng.SuiteRunner.privateRun(SuiteRunner.java:312)
	at org.testng.SuiteRunner.run(SuiteRunner.java:261)
	at org.testng.SuiteRunnerWorker.runSuite(SuiteRunnerWorker.java:52)
	at org.testng.SuiteRunnerWorker.run(SuiteRunnerWorker.java:86)
	at org.testng.TestNG.runSuitesSequentially(TestNG.java:1215)
	at org.testng.TestNG.runSuitesLocally(TestNG.java:1140)
	at org.testng.TestNG.run(TestNG.java:1048)
	at org.apache.maven.surefire.testng.TestNGExecutor.run(TestNGExecutor.java:217)
	at org.apache.maven.surefire.testng.TestNGXmlTestSuite.execute(TestNGXmlTestSuite.java:84)
	at org.apache.maven.surefire.testng.TestNGProvider.invoke(TestNGProvider.java:92)
	at org.apache.maven.surefire.booter.ForkedBooter.invokeProviderInSameClassLoader(ForkedBooter.java:200)
	at org.apache.maven.surefire.booter.ForkedBooter.runSuitesInProcess(ForkedBooter.java:153)
	at org.apache.maven.surefire.booter.ForkedBooter.main(ForkedBooter.java:103)
]]></system-err>
  </testcase>
  <testcase name="addBaseProductWithTwoLicenses" classname="com.dw.api.automation.TestScripts.PlaceOrderWithVatTest" time="0.005">
    <failure type="java.lang.NullPointerException:">java.lang.NullPointerException: null
	at com.dw.api.automation.libs.FilloExcelUtility.readExcelWithTestName(FilloExcelUtility.java:109)
	at com.dw.api.automation.pagefactory.ApiLoginPF.loginAsPM(ApiLoginPF.java:50)
	at com.dw.api.automation.pagefactory.MarketPlaceAndContractManagementPF.addBaseProductWithTwoLicenses(MarketPlaceAndContractManagementPF.java:26)
	at com.dw.api.automation.TestScripts.PlaceOrderWithVatTest.addBaseProductWithTwoLicenses(PlaceOrderWithVatTest.java:157)
</failure>
    <system-out><![CDATA[java.lang.NullPointerException
	at com.dw.api.automation.libs.FilloExcelUtility.readExcelWithTestName(FilloExcelUtility.java:109)
	at com.dw.api.automation.pagefactory.ApiLoginPF.loginAsBAM(ApiLoginPF.java:99)
	at com.dw.api.automation.pagefactory.CustomerPF.approveNewCustomerFromBam(CustomerPF.java:133)
	at com.dw.api.automation.TestScripts.PlaceOrderWithVatTest.approveNewCustomerFromBam(PlaceOrderWithVatTest.java:148)
	at sun.reflect.NativeMethodAccessorImpl.invoke0(Native Method)
	at sun.reflect.NativeMethodAccessorImpl.invoke(Unknown Source)
	at sun.reflect.DelegatingMethodAccessorImpl.invoke(Unknown Source)
	at java.lang.reflect.Method.invoke(Unknown Source)
	at org.testng.internal.MethodInvocationHelper.invokeMethod(MethodInvocationHelper.java:85)
	at org.testng.internal.Invoker.invokeMethod(Invoker.java:639)
	at org.testng.internal.Invoker.invokeTestMethod(Invoker.java:816)
	at org.testng.internal.Invoker.invokeTestMethods(Invoker.java:1124)
	at org.testng.internal.TestMethodWorker.invokeTestMethods(TestMethodWorker.java:125)
	at org.testng.internal.TestMethodWorker.run(TestMethodWorker.java:108)
	at org.testng.TestRunner.privateRun(TestRunner.java:774)
	at org.testng.TestRunner.run(TestRunner.java:624)
	at org.testng.SuiteRunner.runTest(SuiteRunner.java:359)
	at org.testng.SuiteRunner.runSequentially(SuiteRunner.java:354)
	at org.testng.SuiteRunner.privateRun(SuiteRunner.java:312)
	at org.testng.SuiteRunner.run(SuiteRunner.java:261)
	at org.testng.SuiteRunnerWorker.runSuite(SuiteRunnerWorker.java:52)
	at org.testng.SuiteRunnerWorker.run(SuiteRunnerWorker.java:86)
	at org.testng.TestNG.runSuitesSequentially(TestNG.java:1215)
	at org.testng.TestNG.runSuitesLocally(TestNG.java:1140)
	at org.testng.TestNG.run(TestNG.java:1048)
	at org.apache.maven.surefire.testng.TestNGExecutor.run(TestNGExecutor.java:217)
	at org.apache.maven.surefire.testng.TestNGXmlTestSuite.execute(TestNGXmlTestSuite.java:84)
	at org.apache.maven.surefire.testng.TestNGProvider.invoke(TestNGProvider.java:92)
	at org.apache.maven.surefire.booter.ForkedBooter.invokeProviderInSameClassLoader(ForkedBooter.java:200)
	at org.apache.maven.surefire.booter.ForkedBooter.runSuitesInProcess(ForkedBooter.java:153)
	at org.apache.maven.surefire.booter.ForkedBooter.main(ForkedBooter.java:103)

dbloc=https://test.
exceldbloc Location=/var/lib/jenkins/jobs/Genesis_API_Automation/workspace/src/test/resources/files/ConfigSheet.xlsx
exceldbloc=/var/lib/jenkins/jobs/Genesis_API_Automation/workspace/src/test/resources/files/ConfigSheet.xlsx
Page Name=login
]]></system-out>
    <system-err><![CDATA[com.codoid.products.exception.FilloException: Workbook is not found - /var/lib/jenkins/jobs/Genesis_API_Automation/workspace/src/test/resources/files/ConfigSheet.xlsx
	at com.codoid.products.fillo.Fillo.getConnection(Fillo.java:45)
	at com.dw.api.automation.libs.FilloExcelUtility.readExcelWithTestName(FilloExcelUtility.java:98)
	at com.dw.api.automation.pagefactory.ApiLoginPF.loginAsPM(ApiLoginPF.java:50)
	at com.dw.api.automation.pagefactory.MarketPlaceAndContractManagementPF.addBaseProductWithTwoLicenses(MarketPlaceAndContractManagementPF.java:26)
	at com.dw.api.automation.TestScripts.PlaceOrderWithVatTest.addBaseProductWithTwoLicenses(PlaceOrderWithVatTest.java:157)
	at sun.reflect.NativeMethodAccessorImpl.invoke0(Native Method)
	at sun.reflect.NativeMethodAccessorImpl.invoke(Unknown Source)
	at sun.reflect.DelegatingMethodAccessorImpl.invoke(Unknown Source)
	at java.lang.reflect.Method.invoke(Unknown Source)
	at org.testng.internal.MethodInvocationHelper.invokeMethod(MethodInvocationHelper.java:85)
	at org.testng.internal.Invoker.invokeMethod(Invoker.java:639)
	at org.testng.internal.Invoker.invokeTestMethod(Invoker.java:816)
	at org.testng.internal.Invoker.invokeTestMethods(Invoker.java:1124)
	at org.testng.internal.TestMethodWorker.invokeTestMethods(TestMethodWorker.java:125)
	at org.testng.internal.TestMethodWorker.run(TestMethodWorker.java:108)
	at org.testng.TestRunner.privateRun(TestRunner.java:774)
	at org.testng.TestRunner.run(TestRunner.java:624)
	at org.testng.SuiteRunner.runTest(SuiteRunner.java:359)
	at org.testng.SuiteRunner.runSequentially(SuiteRunner.java:354)
	at org.testng.SuiteRunner.privateRun(SuiteRunner.java:312)
	at org.testng.SuiteRunner.run(SuiteRunner.java:261)
	at org.testng.SuiteRunnerWorker.runSuite(SuiteRunnerWorker.java:52)
	at org.testng.SuiteRunnerWorker.run(SuiteRunnerWorker.java:86)
	at org.testng.TestNG.runSuitesSequentially(TestNG.java:1215)
	at org.testng.TestNG.runSuitesLocally(TestNG.java:1140)
	at org.testng.TestNG.run(TestNG.java:1048)
	at org.apache.maven.surefire.testng.TestNGExecutor.run(TestNGExecutor.java:217)
	at org.apache.maven.surefire.testng.TestNGXmlTestSuite.execute(TestNGXmlTestSuite.java:84)
	at org.apache.maven.surefire.testng.TestNGProvider.invoke(TestNGProvider.java:92)
	at org.apache.maven.surefire.booter.ForkedBooter.invokeProviderInSameClassLoader(ForkedBooter.java:200)
	at org.apache.maven.surefire.booter.ForkedBooter.runSuitesInProcess(ForkedBooter.java:153)
	at org.apache.maven.surefire.booter.ForkedBooter.main(ForkedBooter.java:103)
]]></system-err>
  </testcase>
  <testcase name="placeOrder" classname="com.dw.api.automation.TestScripts.PlaceOrderWithVatTest" time="0"/>
  <testcase name="createCoupan" classname="com.dw.api.automation.TestScripts.PlaceOrderWithVatTest" time="0.005">
    <failure type="java.lang.NullPointerException:">java.lang.NullPointerException: null
	at com.dw.api.automation.libs.FilloExcelUtility.readExcelWithTestName(FilloExcelUtility.java:109)
	at com.dw.api.automation.pagefactory.ApiLoginPF.loginAsBAM(ApiLoginPF.java:99)
	at com.dw.api.automation.pagefactory.CoupanPF.createCoupanForBaseProduct(CoupanPF.java:36)
	at com.dw.api.automation.TestScripts.PlaceOrderWithVatTest.createCoupan(PlaceOrderWithVatTest.java:182)
</failure>
    <system-out><![CDATA[testNameColom=PlaceOrderWithVatTest
dbloc=https://test.
exceldbloc Location=/var/lib/jenkins/jobs/Genesis_API_Automation/workspace/src/test/resources/files/ConfigSheet.xlsx
exceldbloc=/var/lib/jenkins/jobs/Genesis_API_Automation/workspace/src/test/resources/files/ConfigSheet.xlsx
Page Name=login
]]></system-out>
    <system-err><![CDATA[com.codoid.products.exception.FilloException: Workbook is not found - /var/lib/jenkins/jobs/Genesis_API_Automation/workspace/src/test/resources/files/ConfigSheet.xlsx
	at com.codoid.products.fillo.Fillo.getConnection(Fillo.java:45)
	at com.dw.api.automation.libs.FilloExcelUtility.readExcelWithTestName(FilloExcelUtility.java:98)
	at com.dw.api.automation.pagefactory.ApiLoginPF.loginAsBAM(ApiLoginPF.java:99)
	at com.dw.api.automation.pagefactory.CoupanPF.createCoupanForBaseProduct(CoupanPF.java:36)
	at com.dw.api.automation.TestScripts.PlaceOrderWithVatTest.createCoupan(PlaceOrderWithVatTest.java:182)
	at sun.reflect.NativeMethodAccessorImpl.invoke0(Native Method)
	at sun.reflect.NativeMethodAccessorImpl.invoke(Unknown Source)
	at sun.reflect.DelegatingMethodAccessorImpl.invoke(Unknown Source)
	at java.lang.reflect.Method.invoke(Unknown Source)
	at org.testng.internal.MethodInvocationHelper.invokeMethod(MethodInvocationHelper.java:85)
	at org.testng.internal.Invoker.invokeMethod(Invoker.java:639)
	at org.testng.internal.Invoker.invokeTestMethod(Invoker.java:816)
	at org.testng.internal.Invoker.invokeTestMethods(Invoker.java:1124)
	at org.testng.internal.TestMethodWorker.invokeTestMethods(TestMethodWorker.java:125)
	at org.testng.internal.TestMethodWorker.run(TestMethodWorker.java:108)
	at org.testng.TestRunner.privateRun(TestRunner.java:774)
	at org.testng.TestRunner.run(TestRunner.java:624)
	at org.testng.SuiteRunner.runTest(SuiteRunner.java:359)
	at org.testng.SuiteRunner.runSequentially(SuiteRunner.java:354)
	at org.testng.SuiteRunner.privateRun(SuiteRunner.java:312)
	at org.testng.SuiteRunner.run(SuiteRunner.java:261)
	at org.testng.SuiteRunnerWorker.runSuite(SuiteRunnerWorker.java:52)
	at org.testng.SuiteRunnerWorker.run(SuiteRunnerWorker.java:86)
	at org.testng.TestNG.runSuitesSequentially(TestNG.java:1215)
	at org.testng.TestNG.runSuitesLocally(TestNG.java:1140)
	at org.testng.TestNG.run(TestNG.java:1048)
	at org.apache.maven.surefire.testng.TestNGExecutor.run(TestNGExecutor.java:217)
	at org.apache.maven.surefire.testng.TestNGXmlTestSuite.execute(TestNGXmlTestSuite.java:84)
	at org.apache.maven.surefire.testng.TestNGProvider.invoke(TestNGProvider.java:92)
	at org.apache.maven.surefire.booter.ForkedBooter.invokeProviderInSameClassLoader(ForkedBooter.java:200)
	at org.apache.maven.surefire.booter.ForkedBooter.runSuitesInProcess(ForkedBooter.java:153)
	at org.apache.maven.surefire.booter.ForkedBooter.main(ForkedBooter.java:103)
]]></system-err>
  </testcase>
</testsuite>