<?xml version="1.0" encoding="UTF-8"?>
<!-- Generated by org.testng.reporters.JUnitXMLReporter -->
<testsuite hostname="RLE0210" name="AddcNew Partner Org Test" tests="5" failures="5" timestamp="12 Mar 2018 08:50:44 GMT" time="0.582" errors="0">
  <testcase name="loginAsPm" time="0.006" classname="com.dw.api.automation.TestScripts.AddNewPartnerOrgTest">
    <failure type="java.lang.NullPointerException">
      <![CDATA[java.lang.NullPointerException
	at com.dw.api.automation.libs.FilloExcelUtility.readExcelWithTestName(FilloExcelUtility.java:109)
	at com.dw.api.automation.TestScripts.AddNewPartnerOrgTest.loginAsPm(AddNewPartnerOrgTest.java:58)
... Removed 27 stack frames]]>
    </failure>
  </testcase> <!-- loginAsPm -->
  <testcase name="verifyMpnId" time="0.378" classname="com.dw.api.automation.TestScripts.AddNewPartnerOrgTest">
    <failure type="java.lang.NullPointerException">
      <![CDATA[java.lang.NullPointerException
	at com.dw.api.automation.libs.FilloExcelUtility.readExcelWithTestName(FilloExcelUtility.java:109)
	at com.dw.api.automation.pagefactory.ApiLoginPF.loginAsPM(ApiLoginPF.java:50)
	at com.dw.api.automation.pagefactory.OrganisationPF.verifyMPN(OrganisationPF.java:44)
	at com.dw.api.automation.TestScripts.AddNewPartnerOrgTest.verifyMpnId(AddNewPartnerOrgTest.java:76)
... Removed 27 stack frames]]>
    </failure>
  </testcase> <!-- verifyMpnId -->
  <testcase name="addNewPartnerOrganisation" time="0.031" classname="com.dw.api.automation.TestScripts.AddNewPartnerOrgTest">
    <failure type="java.lang.NullPointerException">
      <![CDATA[java.lang.NullPointerException
	at com.dw.api.automation.libs.FilloExcelUtility.readExcelWithTestName(FilloExcelUtility.java:109)
	at com.dw.api.automation.pagefactory.ApiLoginPF.loginAsPM(ApiLoginPF.java:50)
	at com.dw.api.automation.pagefactory.OrganisationPF.addNewPartnerOrganisation(OrganisationPF.java:59)
	at com.dw.api.automation.TestScripts.AddNewPartnerOrgTest.addNewPartnerOrganisation(AddNewPartnerOrgTest.java:88)
... Removed 27 stack frames]]>
    </failure>
  </testcase> <!-- addNewPartnerOrganisation -->
  <testcase name="approveNewOrgByBAM" time="0.029" classname="com.dw.api.automation.TestScripts.AddNewPartnerOrgTest">
    <failure type="java.lang.NullPointerException">
      <![CDATA[java.lang.NullPointerException
	at com.dw.api.automation.libs.FilloExcelUtility.readExcelWithTestName(FilloExcelUtility.java:109)
	at com.dw.api.automation.pagefactory.OrganisationPF.approveNewOrganisationByBam(OrganisationPF.java:155)
	at com.dw.api.automation.TestScripts.AddNewPartnerOrgTest.approveNewOrgByBAM(AddNewPartnerOrgTest.java:103)
... Removed 27 stack frames]]>
    </failure>
  </testcase> <!-- approveNewOrgByBAM -->
  <testcase name="approveNewOrgByCA" time="0.003" classname="com.dw.api.automation.TestScripts.AddNewPartnerOrgTest">
    <failure type="java.lang.NullPointerException">
      <![CDATA[java.lang.NullPointerException
	at com.dw.api.automation.libs.FilloExcelUtility.readExcelWithTestName(FilloExcelUtility.java:109)
	at com.dw.api.automation.pagefactory.ApiLoginPF.loginAsCA(ApiLoginPF.java:150)
	at com.dw.api.automation.pagefactory.OrganisationPF.approveNewOrganisationByCA(OrganisationPF.java:207)
	at com.dw.api.automation.TestScripts.AddNewPartnerOrgTest.approveNewOrgByCA(AddNewPartnerOrgTest.java:115)
... Removed 27 stack frames]]>
    </failure>
  </testcase> <!-- approveNewOrgByCA -->
</testsuite> <!-- AddcNew Partner Org Test -->
