<?xml version="1.0" encoding="UTF-8"?>
<!-- Generated by org.testng.reporters.JUnitXMLReporter -->
<testsuite hostname="RLE0210" name="Customer On Boarding " tests="8" failures="8" timestamp="12 Mar 2018 08:50:44 GMT" time="0.155" errors="0">
  <testcase name="loginAsPm" time="0.002" classname="com.dw.api.automation.TestScripts.CustomerOnBoardingTest">
    <failure type="java.lang.NullPointerException">
      <![CDATA[java.lang.NullPointerException
	at com.dw.api.automation.libs.FilloExcelUtility.readExcelWithTestName(FilloExcelUtility.java:109)
	at com.dw.api.automation.TestScripts.CustomerOnBoardingTest.loginAsPm(CustomerOnBoardingTest.java:50)
... Removed 27 stack frames]]>
    </failure>
  </testcase> <!-- loginAsPm -->
  <testcase name="verifyMpnId" time="0.003" classname="com.dw.api.automation.TestScripts.CustomerOnBoardingTest">
    <failure type="java.lang.NullPointerException">
      <![CDATA[java.lang.NullPointerException
	at com.dw.api.automation.libs.FilloExcelUtility.readExcelWithTestName(FilloExcelUtility.java:109)
	at com.dw.api.automation.pagefactory.ApiLoginPF.loginAsPM(ApiLoginPF.java:50)
	at com.dw.api.automation.pagefactory.OrganisationPF.verifyMPN(OrganisationPF.java:44)
	at com.dw.api.automation.TestScripts.CustomerOnBoardingTest.verifyMpnId(CustomerOnBoardingTest.java:68)
... Removed 27 stack frames]]>
    </failure>
  </testcase> <!-- verifyMpnId -->
  <testcase name="addNewPartnerOrganisation" time="0.004" classname="com.dw.api.automation.TestScripts.CustomerOnBoardingTest">
    <failure type="java.lang.NullPointerException">
      <![CDATA[java.lang.NullPointerException
	at com.dw.api.automation.libs.FilloExcelUtility.readExcelWithTestName(FilloExcelUtility.java:109)
	at com.dw.api.automation.pagefactory.ApiLoginPF.loginAsPM(ApiLoginPF.java:50)
	at com.dw.api.automation.pagefactory.OrganisationPF.addNewPartnerOrganisation(OrganisationPF.java:59)
	at com.dw.api.automation.TestScripts.CustomerOnBoardingTest.addNewPartnerOrganisation(CustomerOnBoardingTest.java:79)
... Removed 27 stack frames]]>
    </failure>
  </testcase> <!-- addNewPartnerOrganisation -->
  <testcase name="approveNewOrgByBAM" time="0.014" classname="com.dw.api.automation.TestScripts.CustomerOnBoardingTest">
    <failure type="java.lang.NullPointerException">
      <![CDATA[java.lang.NullPointerException
	at com.dw.api.automation.libs.FilloExcelUtility.readExcelWithTestName(FilloExcelUtility.java:109)
	at com.dw.api.automation.pagefactory.OrganisationPF.approveNewOrganisationByBam(OrganisationPF.java:155)
	at com.dw.api.automation.TestScripts.CustomerOnBoardingTest.approveNewOrgByBAM(CustomerOnBoardingTest.java:95)
... Removed 27 stack frames]]>
    </failure>
  </testcase> <!-- approveNewOrgByBAM -->
  <testcase name="approveNewOrgByCA" time="0.013" classname="com.dw.api.automation.TestScripts.CustomerOnBoardingTest">
    <failure type="java.lang.NullPointerException">
      <![CDATA[java.lang.NullPointerException
	at com.dw.api.automation.libs.FilloExcelUtility.readExcelWithTestName(FilloExcelUtility.java:109)
	at com.dw.api.automation.pagefactory.ApiLoginPF.loginAsCA(ApiLoginPF.java:150)
	at com.dw.api.automation.pagefactory.OrganisationPF.approveNewOrganisationByCA(OrganisationPF.java:207)
	at com.dw.api.automation.TestScripts.CustomerOnBoardingTest.approveNewOrgByCA(CustomerOnBoardingTest.java:110)
... Removed 27 stack frames]]>
    </failure>
  </testcase> <!-- approveNewOrgByCA -->
  <testcase name="createNewCustomer" time="0.013" classname="com.dw.api.automation.TestScripts.CustomerOnBoardingTest">
    <failure type="java.lang.NullPointerException">
      <![CDATA[java.lang.NullPointerException
	at com.dw.api.automation.libs.FilloExcelUtility.readExcelWithTestName(FilloExcelUtility.java:109)
	at com.dw.api.automation.pagefactory.ApiLoginPF.loginAsPM(ApiLoginPF.java:50)
	at com.dw.api.automation.pagefactory.CustomerPF.createNewCustomer(CustomerPF.java:36)
	at com.dw.api.automation.TestScripts.CustomerOnBoardingTest.createNewCustomer(CustomerOnBoardingTest.java:121)
... Removed 27 stack frames]]>
    </failure>
  </testcase> <!-- createNewCustomer -->
  <testcase name="getCustomerId" time="0.005" classname="com.dw.api.automation.TestScripts.CustomerOnBoardingTest">
    <failure type="java.lang.NullPointerException">
      <![CDATA[java.lang.NullPointerException
	at com.dw.api.automation.libs.FilloExcelUtility.readExcelWithTestName(FilloExcelUtility.java:109)
	at com.dw.api.automation.pagefactory.ApiLoginPF.loginAsBAM(ApiLoginPF.java:99)
	at com.dw.api.automation.pagefactory.CustomerPF.getCustomerId(CustomerPF.java:98)
	at com.dw.api.automation.TestScripts.CustomerOnBoardingTest.getCustomerId(CustomerOnBoardingTest.java:133)
... Removed 27 stack frames]]>
    </failure>
  </testcase> <!-- getCustomerId -->
  <testcase name="approveNewCustomerFromBam" time="0.003" classname="com.dw.api.automation.TestScripts.CustomerOnBoardingTest">
    <failure type="java.lang.NullPointerException">
      <![CDATA[java.lang.NullPointerException
	at com.dw.api.automation.libs.FilloExcelUtility.readExcelWithTestName(FilloExcelUtility.java:109)
	at com.dw.api.automation.pagefactory.ApiLoginPF.loginAsBAM(ApiLoginPF.java:99)
	at com.dw.api.automation.pagefactory.CustomerPF.approveNewCustomerFromBam(CustomerPF.java:133)
	at com.dw.api.automation.TestScripts.CustomerOnBoardingTest.approveNewCustomerFromBam(CustomerOnBoardingTest.java:143)
... Removed 27 stack frames]]>
    </failure>
  </testcase> <!-- approveNewCustomerFromBam -->
</testsuite> <!-- Customer On Boarding  -->
