<?xml version="1.0" encoding="UTF-8"?>
<!-- Generated by org.testng.reporters.JUnitXMLReporter -->
<testsuite hostname="RLE0210" name="Market Place And Contract Management" tests="4" failures="4" timestamp="12 Mar 2018 08:50:44 GMT" time="0.098" errors="0">
  <testcase name="loginAsPm" time="0.005" classname="com.dw.api.automation.TestScripts.MarketPlaceAndContractManagementTest">
    <failure type="java.lang.NullPointerException">
      <![CDATA[java.lang.NullPointerException
	at com.dw.api.automation.libs.FilloExcelUtility.readExcelWithTestName(FilloExcelUtility.java:109)
	at com.dw.api.automation.TestScripts.MarketPlaceAndContractManagementTest.loginAsPm(MarketPlaceAndContractManagementTest.java:43)
... Removed 27 stack frames]]>
    </failure>
  </testcase> <!-- loginAsPm -->
  <testcase name="addBaseProductWithTwoLicenses" time="0.003" classname="com.dw.api.automation.TestScripts.MarketPlaceAndContractManagementTest">
    <failure type="java.lang.NullPointerException">
      <![CDATA[java.lang.NullPointerException
	at com.dw.api.automation.libs.FilloExcelUtility.readExcelWithTestName(FilloExcelUtility.java:109)
	at com.dw.api.automation.pagefactory.ApiLoginPF.loginAsPM(ApiLoginPF.java:50)
	at com.dw.api.automation.pagefactory.MarketPlaceAndContractManagementPF.addBaseProductWithTwoLicenses(MarketPlaceAndContractManagementPF.java:26)
	at com.dw.api.automation.TestScripts.MarketPlaceAndContractManagementTest.addBaseProductWithTwoLicenses(MarketPlaceAndContractManagementTest.java:62)
... Removed 27 stack frames]]>
    </failure>
  </testcase> <!-- addBaseProductWithTwoLicenses -->
  <testcase name="addAddOnProductWithOneLicenses" time="0.003" classname="com.dw.api.automation.TestScripts.MarketPlaceAndContractManagementTest">
    <failure type="java.lang.NullPointerException">
      <![CDATA[java.lang.NullPointerException
	at com.dw.api.automation.libs.FilloExcelUtility.readExcelWithTestName(FilloExcelUtility.java:109)
	at com.dw.api.automation.pagefactory.ApiLoginPF.loginAsPM(ApiLoginPF.java:50)
	at com.dw.api.automation.pagefactory.MarketPlaceAndContractManagementPF.addAddOnwithOneLicenses(MarketPlaceAndContractManagementPF.java:57)
	at com.dw.api.automation.TestScripts.MarketPlaceAndContractManagementTest.addAddOnProductWithOneLicenses(MarketPlaceAndContractManagementTest.java:76)
... Removed 27 stack frames]]>
    </failure>
  </testcase> <!-- addAddOnProductWithOneLicenses -->
  <testcase name="placeOrder" time="0.012" classname="com.dw.api.automation.TestScripts.MarketPlaceAndContractManagementTest">
    <failure type="java.lang.NullPointerException">
      <![CDATA[java.lang.NullPointerException
	at com.dw.api.automation.libs.FilloExcelUtility.readExcelWithTestName(FilloExcelUtility.java:109)
	at com.dw.api.automation.pagefactory.ApiLoginPF.loginAsPM(ApiLoginPF.java:50)
	at com.dw.api.automation.pagefactory.MarketPlaceAndContractManagementPF.placeOrder(MarketPlaceAndContractManagementPF.java:98)
	at com.dw.api.automation.TestScripts.MarketPlaceAndContractManagementTest.placeOrder(MarketPlaceAndContractManagementTest.java:89)
... Removed 27 stack frames]]>
    </failure>
  </testcase> <!-- placeOrder -->
</testsuite> <!-- Market Place And Contract Management -->
