<?xml version="1.0" encoding="UTF-8"?>
<!-- Generated by org.testng.reporters.JUnitXMLReporter -->
<testsuite hostname="RLE0210" name="Place Order With Vat  Coupan Code" tests="11" failures="10" timestamp="12 Mar 2018 08:50:44 GMT" time="0.214" errors="0">
  <testcase name="loginAsPm" time="0.015" classname="com.dw.api.automation.TestScripts.PlaceOrderWithVatTest">
    <failure type="java.lang.NullPointerException">
      <![CDATA[java.lang.NullPointerException
	at com.dw.api.automation.libs.FilloExcelUtility.readExcelWithTestName(FilloExcelUtility.java:109)
	at com.dw.api.automation.TestScripts.PlaceOrderWithVatTest.loginAsPm(PlaceOrderWithVatTest.java:52)
... Removed 27 stack frames]]>
    </failure>
  </testcase> <!-- loginAsPm -->
  <testcase name="verifyMpnId" time="0.03" classname="com.dw.api.automation.TestScripts.PlaceOrderWithVatTest">
    <failure type="java.lang.NullPointerException">
      <![CDATA[java.lang.NullPointerException
	at com.dw.api.automation.libs.FilloExcelUtility.readExcelWithTestName(FilloExcelUtility.java:109)
	at com.dw.api.automation.pagefactory.ApiLoginPF.loginAsPM(ApiLoginPF.java:50)
	at com.dw.api.automation.pagefactory.OrganisationPF.verifyMPN(OrganisationPF.java:44)
	at com.dw.api.automation.TestScripts.PlaceOrderWithVatTest.verifyMpnId(PlaceOrderWithVatTest.java:73)
... Removed 27 stack frames]]>
    </failure>
  </testcase> <!-- verifyMpnId -->
  <testcase name="addNewPartnerOrganisationWithVat" time="0.005" classname="com.dw.api.automation.TestScripts.PlaceOrderWithVatTest">
    <failure type="java.lang.NullPointerException">
      <![CDATA[java.lang.NullPointerException
	at com.dw.api.automation.libs.FilloExcelUtility.readExcelWithTestName(FilloExcelUtility.java:109)
	at com.dw.api.automation.pagefactory.ApiLoginPF.loginAsPM(ApiLoginPF.java:50)
	at com.dw.api.automation.pagefactory.OrganisationPF.addNewPartnerOrganisationWithVat(OrganisationPF.java:249)
	at com.dw.api.automation.TestScripts.PlaceOrderWithVatTest.addNewPartnerOrganisationWithVat(PlaceOrderWithVatTest.java:85)
... Removed 27 stack frames]]>
    </failure>
  </testcase> <!-- addNewPartnerOrganisationWithVat -->
  <testcase name="approveNewOrgByBAM" time="0.004" classname="com.dw.api.automation.TestScripts.PlaceOrderWithVatTest">
    <failure type="java.lang.NullPointerException">
      <![CDATA[java.lang.NullPointerException
	at com.dw.api.automation.libs.FilloExcelUtility.readExcelWithTestName(FilloExcelUtility.java:109)
	at com.dw.api.automation.pagefactory.OrganisationPF.approveNewOrganisationByBam(OrganisationPF.java:155)
	at com.dw.api.automation.TestScripts.PlaceOrderWithVatTest.approveNewOrgByBAM(PlaceOrderWithVatTest.java:100)
... Removed 27 stack frames]]>
    </failure>
  </testcase> <!-- approveNewOrgByBAM -->
  <testcase name="approveNewOrganisationByCAwithVAT" time="0.003" classname="com.dw.api.automation.TestScripts.PlaceOrderWithVatTest">
    <failure type="java.lang.NullPointerException">
      <![CDATA[java.lang.NullPointerException
	at com.dw.api.automation.libs.FilloExcelUtility.readExcelWithTestName(FilloExcelUtility.java:109)
	at com.dw.api.automation.pagefactory.ApiLoginPF.loginAsCA(ApiLoginPF.java:150)
	at com.dw.api.automation.pagefactory.OrganisationPF.approveNewOrganisationByCAwithVAT(OrganisationPF.java:343)
	at com.dw.api.automation.TestScripts.PlaceOrderWithVatTest.approveNewOrganisationByCAwithVAT(PlaceOrderWithVatTest.java:112)
... Removed 27 stack frames]]>
    </failure>
  </testcase> <!-- approveNewOrganisationByCAwithVAT -->
  <testcase name="createNewCustomer" time="0.004" classname="com.dw.api.automation.TestScripts.PlaceOrderWithVatTest">
    <failure type="java.lang.NullPointerException">
      <![CDATA[java.lang.NullPointerException
	at com.dw.api.automation.libs.FilloExcelUtility.readExcelWithTestName(FilloExcelUtility.java:109)
	at com.dw.api.automation.pagefactory.ApiLoginPF.loginAsPM(ApiLoginPF.java:50)
	at com.dw.api.automation.pagefactory.CustomerPF.createNewCustomer(CustomerPF.java:36)
	at com.dw.api.automation.TestScripts.PlaceOrderWithVatTest.createNewCustomer(PlaceOrderWithVatTest.java:126)
... Removed 27 stack frames]]>
    </failure>
  </testcase> <!-- createNewCustomer -->
  <testcase name="getCustomerId" time="0.003" classname="com.dw.api.automation.TestScripts.PlaceOrderWithVatTest">
    <failure type="java.lang.NullPointerException">
      <![CDATA[java.lang.NullPointerException
	at com.dw.api.automation.libs.FilloExcelUtility.readExcelWithTestName(FilloExcelUtility.java:109)
	at com.dw.api.automation.pagefactory.ApiLoginPF.loginAsBAM(ApiLoginPF.java:99)
	at com.dw.api.automation.pagefactory.CustomerPF.getCustomerId(CustomerPF.java:98)
	at com.dw.api.automation.TestScripts.PlaceOrderWithVatTest.getCustomerId(PlaceOrderWithVatTest.java:138)
... Removed 27 stack frames]]>
    </failure>
  </testcase> <!-- getCustomerId -->
  <testcase name="approveNewCustomerFromBam" time="0.003" classname="com.dw.api.automation.TestScripts.PlaceOrderWithVatTest">
    <failure type="java.lang.NullPointerException">
      <![CDATA[java.lang.NullPointerException
	at com.dw.api.automation.libs.FilloExcelUtility.readExcelWithTestName(FilloExcelUtility.java:109)
	at com.dw.api.automation.pagefactory.ApiLoginPF.loginAsBAM(ApiLoginPF.java:99)
	at com.dw.api.automation.pagefactory.CustomerPF.approveNewCustomerFromBam(CustomerPF.java:133)
	at com.dw.api.automation.TestScripts.PlaceOrderWithVatTest.approveNewCustomerFromBam(PlaceOrderWithVatTest.java:148)
... Removed 27 stack frames]]>
    </failure>
  </testcase> <!-- approveNewCustomerFromBam -->
  <testcase name="addBaseProductWithTwoLicenses" time="0.005" classname="com.dw.api.automation.TestScripts.PlaceOrderWithVatTest">
    <failure type="java.lang.NullPointerException">
      <![CDATA[java.lang.NullPointerException
	at com.dw.api.automation.libs.FilloExcelUtility.readExcelWithTestName(FilloExcelUtility.java:109)
	at com.dw.api.automation.pagefactory.ApiLoginPF.loginAsPM(ApiLoginPF.java:50)
	at com.dw.api.automation.pagefactory.MarketPlaceAndContractManagementPF.addBaseProductWithTwoLicenses(MarketPlaceAndContractManagementPF.java:26)
	at com.dw.api.automation.TestScripts.PlaceOrderWithVatTest.addBaseProductWithTwoLicenses(PlaceOrderWithVatTest.java:157)
... Removed 27 stack frames]]>
    </failure>
  </testcase> <!-- addBaseProductWithTwoLicenses -->
  <testcase name="placeOrder" time="0.0" classname="com.dw.api.automation.TestScripts.PlaceOrderWithVatTest"/>
  <testcase name="createCoupan" time="0.005" classname="com.dw.api.automation.TestScripts.PlaceOrderWithVatTest">
    <failure type="java.lang.NullPointerException">
      <![CDATA[java.lang.NullPointerException
	at com.dw.api.automation.libs.FilloExcelUtility.readExcelWithTestName(FilloExcelUtility.java:109)
	at com.dw.api.automation.pagefactory.ApiLoginPF.loginAsBAM(ApiLoginPF.java:99)
	at com.dw.api.automation.pagefactory.CoupanPF.createCoupanForBaseProduct(CoupanPF.java:36)
	at com.dw.api.automation.TestScripts.PlaceOrderWithVatTest.createCoupan(PlaceOrderWithVatTest.java:182)
... Removed 27 stack frames]]>
    </failure>
  </testcase> <!-- createCoupan -->
</testsuite> <!-- Place Order With Vat  Coupan Code -->
