<?xml version="1.0" encoding="UTF-8"?>
<!-- Generated by org.testng.reporters.JUnitXMLReporter -->
<testsuite hostname="RLE0210" name="Test ALL Possible Logins" tests="3" failures="3" timestamp="12 Mar 2018 08:50:43 GMT" time="1.35" errors="0">
  <testcase name="loginAsPM" time="0.066" classname="com.dw.api.automation.TestScripts.LoginTest">
    <failure type="java.lang.NullPointerException">
      <![CDATA[java.lang.NullPointerException
	at com.dw.api.automation.libs.FilloExcelUtility.readExcelWithTestName(FilloExcelUtility.java:109)
	at com.dw.api.automation.TestScripts.LoginTest.loginAsPM(LoginTest.java:46)
... Removed 27 stack frames]]>
    </failure>
  </testcase> <!-- loginAsPM -->
  <testcase name="loginAsBAM" time="0.034" classname="com.dw.api.automation.TestScripts.LoginTest">
    <failure type="java.lang.NullPointerException">
      <![CDATA[java.lang.NullPointerException
	at com.dw.api.automation.libs.FilloExcelUtility.readExcelWithTestName(FilloExcelUtility.java:109)
	at com.dw.api.automation.TestScripts.LoginTest.loginAsBAM(LoginTest.java:65)
... Removed 27 stack frames]]>
    </failure>
  </testcase> <!-- loginAsBAM -->
  <testcase name="loginAsCA" time="0.027" classname="com.dw.api.automation.TestScripts.LoginTest">
    <failure type="java.lang.NullPointerException">
      <![CDATA[java.lang.NullPointerException
	at com.dw.api.automation.libs.FilloExcelUtility.readExcelWithTestName(FilloExcelUtility.java:109)
	at com.dw.api.automation.TestScripts.LoginTest.loginAsCA(LoginTest.java:82)
... Removed 27 stack frames]]>
    </failure>
  </testcase> <!-- loginAsCA -->
</testsuite> <!-- Test ALL Possible Logins -->
